#
# There is insufficient memory for the Java Runtime Environment to continue.
# Native memory allocation (mmap) failed to map 301989888 bytes for G1 virtual space
# Possible reasons:
#   The system is out of physical RAM or swap space
#   The process is running with CompressedOops enabled, and the Java Heap may be blocking the growth of the native heap
# Possible solutions:
#   Reduce memory load on the system
#   Increase physical memory or swap space
#   Check if swap backing store is full
#   Decrease Java heap size (-Xmx/-Xms)
#   Decrease number of Java threads
#   Decrease Java thread stack sizes (-Xss)
#   Set larger code cache with -XX:ReservedCodeCacheSize=
#   JVM is running with Zero Based Compressed Oops mode in which the Java heap is
#     placed in the first 32GB address space. The Java Heap base address is the
#     maximum limit for the native heap growth. Please use -XX:HeapBaseMinAddress
#     to set the Java Heap base and to place the Java Heap above 32GB virtual address.
# This output file may be truncated or incomplete.
#
#  Out of Memory Error (os_windows.cpp:3559), pid=17772, tid=20596
#
# JRE version:  (17.0.7+7) (build )
# Java VM: OpenJDK 64-Bit Server VM (17.0.7+7, mixed mode, sharing, tiered, compressed oops, compressed class ptrs, g1 gc, windows-amd64)
# No core dump will be written. Minidumps are not enabled by default on client versions of Windows
#

---------------  S U M M A R Y ------------

Command Line: org.jvnet.jax_ws_commons.jaxws.Invoker com.sun.tools.ws.wscompile.WsgenTool -pathfile C:\Users\el_va\AppData\Local\Temp\jax-ws-mvn-plugin-cp9352483294119040860.txt -keep -s C:\Users\el_va\OneDrive\Documentos\Técnologo Sistema para Internet - IFMT\Periodo\5 Periodo\Programaçao Orientada a Serviços\Atividade Gerenciador de Estoque\controle-estoque\target\generated-sources\wsgen -d C:\Users\el_va\OneDrive\Documentos\Técnologo Sistema para Internet - IFMT\Periodo\5 Periodo\Programaçao Orientada a Serviços\Atividade Gerenciador de Estoque\controle-estoque\target\classes -encoding UTF-8 -wsdl -r C:\Users\el_va\OneDrive\Documentos\Técnologo Sistema para Internet - IFMT\Periodo\5 Periodo\Programaçao Orientada a Serviços\Atividade Gerenciador de Estoque\controle-estoque\target\classes ifmt.cba.servico.ServicoControleEstoqueImpl

Host: AMD Ryzen 5 3500U with Radeon Vega Mobile Gfx  , 8 cores, 17G,  Windows 10 , 64 bit Build 19041 (10.0.19041.3031)
Time: Sun Sep 10 19:25:51 2023 Hora Padrão Brasil Central elapsed time: 0.018248 seconds (0d 0h 0m 0s)

---------------  T H R E A D  ---------------

Current thread (0x000002111c772240):  JavaThread "Unknown thread" [_thread_in_vm, id=20596, stack(0x000000d60e300000,0x000000d60e400000)]

Stack: [0x000000d60e300000,0x000000d60e400000]
Native frames: (J=compiled Java code, j=interpreted, Vv=VM code, C=native code)
V  [jvm.dll+0x67754a]
V  [jvm.dll+0x834304]
V  [jvm.dll+0x835aae]
V  [jvm.dll+0x836113]
V  [jvm.dll+0x24696f]
V  [jvm.dll+0x6743f9]
V  [jvm.dll+0x668c8a]
V  [jvm.dll+0x3061bb]
V  [jvm.dll+0x30d6a6]
V  [jvm.dll+0x35cece]
V  [jvm.dll+0x35d0ff]
V  [jvm.dll+0x2dd048]
V  [jvm.dll+0x2ddfb4]
V  [jvm.dll+0x8066d1]
V  [jvm.dll+0x36ac91]
V  [jvm.dll+0x7e5cec]
V  [jvm.dll+0x3ed56f]
V  [jvm.dll+0x3ef0a1]
C  [jli.dll+0x528b]
C  [ucrtbase.dll+0x21bb2]
C  [KERNEL32.DLL+0x17614]
C  [ntdll.dll+0x526f1]


---------------  P R O C E S S  ---------------

Threads class SMR info:
_java_thread_list=0x00007ffc7f037018, length=0, elements={
}

Java Threads: ( => current thread )

Other Threads:
  0x000002111c7de0a0 GCTaskThread "GC Thread#0" [stack: 0x000000d60e400000,0x000000d60e500000] [id=12084]
  0x000002111c7e8410 ConcurrentGCThread "G1 Main Marker" [stack: 0x000000d60e500000,0x000000d60e600000] [id=13512]
  0x000002111c7e94d0 ConcurrentGCThread "G1 Conc#0" [stack: 0x000000d60e600000,0x000000d60e700000] [id=17876]

[error occurred during error reporting (printing all threads), id 0xc0000005, EXCEPTION_ACCESS_VIOLATION (0xc0000005) at pc=0x00007ffc7e80daf7]

VM state: not at safepoint (not fully initialized)

VM Mutex/Monitor currently owned by a thread:  ([mutex/lock_event])
[0x000002111c770820] Heap_lock - owner thread: 0x000002111c772240

Heap address: 0x00000006e1c00000, size: 4580 MB, Compressed Oops mode: Zero based, Oop shift amount: 3

CDS archive(s) mapped at: [0x0000000000000000-0x0000000000000000-0x0000000000000000), size 0, SharedBaseAddress: 0x0000000800000000, ArchiveRelocationMode: 0.
Narrow klass base: 0x0000000000000000, Narrow klass shift: 0, Narrow klass range: 0x0

GC Precious Log:
<Empty>

Heap:
 garbage-first heap   total 0K, used 0K [0x00000006e1c00000, 0x0000000800000000)
  region size 4096K, 0 young (0K), 0 survivors (0K)

[error occurred during error reporting (printing heap information), id 0xc0000005, EXCEPTION_ACCESS_VIOLATION (0xc0000005) at pc=0x00007ffc7ebf0db9]

GC Heap History (0 events):
No events

Dll operation events (1 events):
Event: 0.010 Loaded shared library c:\Users\el_va\.vscode\extensions\redhat.java-1.21.0-win32-x64\jre\17.0.7-win32-x86_64\bin\java.dll

Deoptimization events (0 events):
No events

Classes unloaded (0 events):
No events

Classes redefined (0 events):
No events

Internal exceptions (0 events):
No events

VM Operations (0 events):
No events

Events (0 events):
No events


Dynamic libraries:
0x00007ff686910000 - 0x00007ff68691e000 	c:\Users\el_va\.vscode\extensions\redhat.java-1.21.0-win32-x64\jre\17.0.7-win32-x86_64\bin\java.exe
0x00007ffcc87b0000 - 0x00007ffcc89a8000 	C:\WINDOWS\SYSTEM32\ntdll.dll
0x00007ffcc85b0000 - 0x00007ffcc866f000 	C:\WINDOWS\System32\KERNEL32.DLL
0x00007ffcc5e90000 - 0x00007ffcc6186000 	C:\WINDOWS\System32\KERNELBASE.dll
0x00007ffcc3420000 - 0x00007ffcc34b1000 	C:\WINDOWS\SYSTEM32\apphelp.dll
0x00007ffcc6200000 - 0x00007ffcc6300000 	C:\WINDOWS\System32\ucrtbase.dll
0x00007ffcbe1d0000 - 0x00007ffcbe1e9000 	c:\Users\el_va\.vscode\extensions\redhat.java-1.21.0-win32-x64\jre\17.0.7-win32-x86_64\bin\VCRUNTIME140.dll
0x00007ffcbfd40000 - 0x00007ffcbfd57000 	c:\Users\el_va\.vscode\extensions\redhat.java-1.21.0-win32-x64\jre\17.0.7-win32-x86_64\bin\jli.dll
0x00007ffcc8090000 - 0x00007ffcc822d000 	C:\WINDOWS\System32\USER32.dll
0x00007ffcc6300000 - 0x00007ffcc6322000 	C:\WINDOWS\System32\win32u.dll
0x00007ffcb4f60000 - 0x00007ffcb51fa000 	C:\WINDOWS\WinSxS\amd64_microsoft.windows.common-controls_6595b64144ccf1df_6.0.19041.1110_none_60b5254171f9507e\COMCTL32.dll
0x00007ffcc8670000 - 0x00007ffcc869c000 	C:\WINDOWS\System32\GDI32.dll
0x00007ffcc7f60000 - 0x00007ffcc7ffe000 	C:\WINDOWS\System32\msvcrt.dll
0x00007ffcc64b0000 - 0x00007ffcc65c5000 	C:\WINDOWS\System32\gdi32full.dll
0x00007ffcc6330000 - 0x00007ffcc63cd000 	C:\WINDOWS\System32\msvcp_win.dll
0x00007ffcc7020000 - 0x00007ffcc7050000 	C:\WINDOWS\System32\IMM32.DLL
0x00007ffcc0960000 - 0x00007ffcc096c000 	c:\Users\el_va\.vscode\extensions\redhat.java-1.21.0-win32-x64\jre\17.0.7-win32-x86_64\bin\vcruntime140_1.dll
0x00007ffc986c0000 - 0x00007ffc98751000 	c:\Users\el_va\.vscode\extensions\redhat.java-1.21.0-win32-x64\jre\17.0.7-win32-x86_64\bin\msvcp140.dll
0x00007ffc7e520000 - 0x00007ffc7f168000 	c:\Users\el_va\.vscode\extensions\redhat.java-1.21.0-win32-x64\jre\17.0.7-win32-x86_64\bin\server\jvm.dll
0x00007ffcc70c0000 - 0x00007ffcc716f000 	C:\WINDOWS\System32\ADVAPI32.dll
0x00007ffcc8510000 - 0x00007ffcc85ac000 	C:\WINDOWS\System32\sechost.dll
0x00007ffcc7ae0000 - 0x00007ffcc7c06000 	C:\WINDOWS\System32\RPCRT4.dll
0x00007ffcb2c70000 - 0x00007ffcb2c79000 	C:\WINDOWS\SYSTEM32\WSOCK32.dll
0x00007ffcbd4a0000 - 0x00007ffcbd4aa000 	C:\WINDOWS\SYSTEM32\VERSION.dll
0x00007ffcbb2e0000 - 0x00007ffcbb307000 	C:\WINDOWS\SYSTEM32\WINMM.dll
0x00007ffcc74e0000 - 0x00007ffcc754b000 	C:\WINDOWS\System32\WS2_32.dll
0x00007ffcc46e0000 - 0x00007ffcc46f2000 	C:\WINDOWS\SYSTEM32\kernel.appcore.dll
0x00007ffcbe110000 - 0x00007ffcbe11a000 	c:\Users\el_va\.vscode\extensions\redhat.java-1.21.0-win32-x64\jre\17.0.7-win32-x86_64\bin\jimage.dll
0x00007ffcc4480000 - 0x00007ffcc4664000 	C:\WINDOWS\SYSTEM32\DBGHELP.DLL
0x00007ffcb3a30000 - 0x00007ffcb3a64000 	C:\WINDOWS\SYSTEM32\dbgcore.DLL
0x00007ffcc63d0000 - 0x00007ffcc6452000 	C:\WINDOWS\System32\bcryptPrimitives.dll
0x00007ffc97a90000 - 0x00007ffc97ab5000 	c:\Users\el_va\.vscode\extensions\redhat.java-1.21.0-win32-x64\jre\17.0.7-win32-x86_64\bin\java.dll

dbghelp: loaded successfully - version: 4.0.5 - missing functions: none
symbol engine: initialized successfully - sym options: 0x614 - pdb path: .;c:\Users\el_va\.vscode\extensions\redhat.java-1.21.0-win32-x64\jre\17.0.7-win32-x86_64\bin;C:\WINDOWS\SYSTEM32;C:\WINDOWS\WinSxS\amd64_microsoft.windows.common-controls_6595b64144ccf1df_6.0.19041.1110_none_60b5254171f9507e;c:\Users\el_va\.vscode\extensions\redhat.java-1.21.0-win32-x64\jre\17.0.7-win32-x86_64\bin\server

VM Arguments:
java_command: org.jvnet.jax_ws_commons.jaxws.Invoker com.sun.tools.ws.wscompile.WsgenTool -pathfile C:\Users\el_va\AppData\Local\Temp\jax-ws-mvn-plugin-cp9352483294119040860.txt -keep -s C:\Users\el_va\OneDrive\Documentos\Técnologo Sistema para Internet - IFMT\Periodo\5 Periodo\Programaçao Orientada a Serviços\Atividade Gerenciador de Estoque\controle-estoque\target\generated-sources\wsgen -d C:\Users\el_va\OneDrive\Documentos\Técnologo Sistema para Internet - IFMT\Periodo\5 Periodo\Programaçao Orientada a Serviços\Atividade Gerenciador de Estoque\controle-estoque\target\classes -encoding UTF-8 -wsdl -r C:\Users\el_va\OneDrive\Documentos\Técnologo Sistema para Internet - IFMT\Periodo\5 Periodo\Programaçao Orientada a Serviços\Atividade Gerenciador de Estoque\controle-estoque\target\classes ifmt.cba.servico.ServicoControleEstoqueImpl
java_class_path (initial): /C:/Users/el_va/.m2/repository/com/sun/xml/ws/jaxws-maven-plugin/4.0.1/jaxws-maven-plugin-4.0.1.jar
Launcher Type: SUN_STANDARD

[Global flags]
     intx CICompilerCount                          = 4                                         {product} {ergonomic}
     uint ConcGCThreads                            = 2                                         {product} {ergonomic}
     uint G1ConcRefinementThreads                  = 8                                         {product} {ergonomic}
   size_t G1HeapRegionSize                         = 4194304                                   {product} {ergonomic}
    uintx GCDrainStackTargetSize                   = 64                                        {product} {ergonomic}
   size_t InitialHeapSize                          = 301989888                                 {product} {ergonomic}
   size_t MarkStackSize                            = 4194304                                   {product} {ergonomic}
   size_t MaxHeapSize                              = 4802478080                                {product} {ergonomic}
   size_t MinHeapDeltaBytes                        = 4194304                                   {product} {ergonomic}
   size_t MinHeapSize                              = 8388608                                   {product} {ergonomic}
    uintx NonNMethodCodeHeapSize                   = 5839372                                {pd product} {ergonomic}
    uintx NonProfiledCodeHeapSize                  = 122909434                              {pd product} {ergonomic}
    uintx ProfiledCodeHeapSize                     = 122909434                              {pd product} {ergonomic}
    uintx ReservedCodeCacheSize                    = 251658240                              {pd product} {ergonomic}
     bool SegmentedCodeCache                       = true                                      {product} {ergonomic}
   size_t SoftMaxHeapSize                          = 4802478080                             {manageable} {ergonomic}
     bool UseCompressedClassPointers               = true                           {product lp64_product} {ergonomic}
     bool UseCompressedOops                        = true                           {product lp64_product} {ergonomic}
     bool UseG1GC                                  = true                                      {product} {ergonomic}
     bool UseLargePagesIndividualAllocation        = false                                  {pd product} {ergonomic}

Logging:
Log output configuration:
 #0: stdout all=warning uptime,level,tags
 #1: stderr all=off uptime,level,tags

Environment Variables:
JAVA_HOME=C:\Program Files\Microsoft\jdk-11.0.18.10-hotspot\
PATH=C:\Program Files\Microsoft\jdk-11.0.18.10-hotspot\bin;C:\Program Files\Eclipse Adoptium\jdk-17.0.6.10-hotspot\bin;C:\Program Files\Common Files\Oracle\Java\javapath;C:\Program Files (x86)\Common Files\Oracle\Java\javapath;C:\WINDOWS\system32;C:\WINDOWS;C:\WINDOWS\System32\Wbem;C:\WINDOWS\System32\WindowsPowerShell\v1.0\;C:\WINDOWS\System32\OpenSSH\;C:\Program Files\dotnet\;C:\Program Files\Common Files\Autodesk Shared\;C:\ProgramData\UNIVALI\Portugol Studio;C:\Program Files\Git\cmd;C:\xampp\php;C:\ProgramData\chocolatey\bin;C:\youtube-dl;C:\Program Files\Calibre2\;C:\dart-sdk\bin;C:\Program Files\Docker\Docker\resources\bin;C:\Program Files\nodejs\;C:\1\apache-maven-3.9.4\bin;C:\Program Files\MySQL\MySQL Shell 8.0\bin\;C:\Users\el_va\AppData\Local\Programs\Python\Python310\Scripts\;C:\Users\el_va\AppData\Local\Programs\Python\Python310\;C:\Users\el_va\AppData\Local\Programs\Microsoft VS Code\bin;C:\Users\el_va\.dotnet\tools;C:\xampp\php;C:\youtube-dl;C:\Exercism;C:\Program Files\JetBrains\PyCharm Community Edition 2023.1.1\bin;;C:\Users\el_va\AppData\Roaming\npm;C:\Users\el_va\AppData\Local\Android\Sdk\platform-tools;C:\1\apache-maven-3.9.4\bin;
USERNAME=el_va
OS=Windows_NT
PROCESSOR_IDENTIFIER=AMD64 Family 23 Model 24 Stepping 1, AuthenticAMD
TMP=C:\Users\el_va\AppData\Local\Temp
TEMP=C:\Users\el_va\AppData\Local\Temp



---------------  S Y S T E M  ---------------

OS:
 Windows 10 , 64 bit Build 19041 (10.0.19041.3031)
OS uptime: 8 days 6:10 hours
Hyper-V role detected

CPU: total 8 (initial active 8) (8 cores per cpu, 2 threads per core) family 23 model 24 stepping 1 microcode 0x0, cx8, cmov, fxsr, ht, mmx, 3dnowpref, sse, sse2, sse3, ssse3, sse4a, sse4.1, sse4.2, popcnt, lzcnt, tsc, tscinvbit, avx, avx2, aes, clmul, bmi1, bmi2, adx, sha, fma, vzeroupper, clflush, clflushopt, hv

Memory: 4k page, system-wide physical 18308M (7258M free)
TotalPageFile size 19348M (AvailPageFile size 355M)
current process WorkingSet (physical memory assigned to process): 11M, peak: 11M
current process commit charge ("private bytes"): 60M, peak: 348M

vm_info: OpenJDK 64-Bit Server VM (17.0.7+7) for windows-amd64 JRE (17.0.7+7), built on Apr 18 2023 22:10:42 by "temurin" with MS VC++ 16.7 (VS2019)

END.
