#
# There is insufficient memory for the Java Runtime Environment to continue.
# Native memory allocation (malloc) failed to allocate 361216 bytes for Chunk::new
# Possible reasons:
#   The system is out of physical RAM or swap space
#   The process is running with CompressedOops enabled, and the Java Heap may be blocking the growth of the native heap
# Possible solutions:
#   Reduce memory load on the system
#   Increase physical memory or swap space
#   Check if swap backing store is full
#   Decrease Java heap size (-Xmx/-Xms)
#   Decrease number of Java threads
#   Decrease Java thread stack sizes (-Xss)
#   Set larger code cache with -XX:ReservedCodeCacheSize=
#   JVM is running with Zero Based Compressed Oops mode in which the Java heap is
#     placed in the first 32GB address space. The Java Heap base address is the
#     maximum limit for the native heap growth. Please use -XX:HeapBaseMinAddress
#     to set the Java Heap base and to place the Java Heap above 32GB virtual address.
# This output file may be truncated or incomplete.
#
#  Out of Memory Error (./src/hotspot/share/memory/arena.cpp:197), pid=2076, tid=2336
#
# JRE version: OpenJDK Runtime Environment Microsoft-7208460 (11.0.18+10) (build 11.0.18+10-LTS)
# Java VM: OpenJDK 64-Bit Server VM Microsoft-7208460 (11.0.18+10-LTS, mixed mode, tiered, compressed oops, g1 gc, windows-amd64)
# No core dump will be written. Minidumps are not enabled by default on client versions of Windows
#

---------------  S U M M A R Y ------------

Command Line: -Dclassworlds.conf=C:/1/apache-maven-3.9.4/bin/m2.conf -Dmaven.home=C:/1/apache-maven-3.9.4 -Dlibrary.jansi.path=C:/1/apache-maven-3.9.4/lib/jansi-native -Dmaven.multiModuleProjectDirectory=C:/Users/el_va/OneDrive/Documentos/Técnologo Sistema para Internet - IFMT/Periodo/5 Periodo/Programaçao Orientada a Serviços/Atividade Gerenciador de Estoque/controle-estoque org.codehaus.plexus.classworlds.launcher.Launcher clean -f c:\Users\el_va\OneDrive\Documentos\Técnologo Sistema para Internet - IFMT\Periodo\5 Periodo\Programaçao Orientada a Serviços\Atividade Gerenciador de Estoque\controle-estoque\pom.xml

Host: AMD Ryzen 5 3500U with Radeon Vega Mobile Gfx  , 8 cores, 17G,  Windows 10 , 64 bit Build 19041 (10.0.19041.3031)
Time: Sun Sep 10 19:25:48 2023 Hora Padrão Brasil Central elapsed time: 1.358804 seconds (0d 0h 0m 1s)

---------------  T H R E A D  ---------------

Current thread (0x000002b1cd43d800):  JavaThread "C2 CompilerThread1" daemon [_thread_in_native, id=2336, stack(0x000000ea0de00000,0x000000ea0df00000)]


Current CompileTask:
C2:   1358 1429       4       jdk.internal.module.SystemModuleFinders$SystemModuleReader::findImageLocation (42 bytes)

Stack: [0x000000ea0de00000,0x000000ea0df00000]
Native frames: (J=compiled Java code, j=interpreted, Vv=VM code, C=native code)
V  [jvm.dll+0x62bf8a]
V  [jvm.dll+0x7b8fb9]
V  [jvm.dll+0x7ba6a8]
V  [jvm.dll+0x7bad83]
V  [jvm.dll+0x250248]
V  [jvm.dll+0xc260c]
V  [jvm.dll+0xc2bcc]
V  [jvm.dll+0x2c4e64]
V  [jvm.dll+0x533dcc]
V  [jvm.dll+0x21177b]
V  [jvm.dll+0x20b39a]
V  [jvm.dll+0x2083eb]
V  [jvm.dll+0x18a4b1]
V  [jvm.dll+0x217eec]
V  [jvm.dll+0x21612b]
V  [jvm.dll+0x77bac0]
V  [jvm.dll+0x7749f4]
V  [jvm.dll+0x62adf5]
C  [ucrtbase.dll+0x21bb2]
C  [KERNEL32.DLL+0x17614]
C  [ntdll.dll+0x526f1]


---------------  P R O C E S S  ---------------

Threads class SMR info:
_java_thread_list=0x000002b1cd55fa20, length=12, elements={
0x000002b1a6b7f800, 0x000002b1cc4cb800, 0x000002b1cc4d4800, 0x000002b1cc52b800,
0x000002b1cc52d800, 0x000002b1cc530800, 0x000002b1cc533800, 0x000002b1cc53d000,
0x000002b1cc541800, 0x000002b1cc6b0800, 0x000002b1cd43d800, 0x000002b1cd568000
}

Java Threads: ( => current thread )
  0x000002b1a6b7f800 JavaThread "main" [_thread_in_vm, id=11788, stack(0x000000ea0cd00000,0x000000ea0ce00000)]
  0x000002b1cc4cb800 JavaThread "Reference Handler" daemon [_thread_blocked, id=272, stack(0x000000ea0d400000,0x000000ea0d500000)]
  0x000002b1cc4d4800 JavaThread "Finalizer" daemon [_thread_blocked, id=3408, stack(0x000000ea0d500000,0x000000ea0d600000)]
  0x000002b1cc52b800 JavaThread "Signal Dispatcher" daemon [_thread_blocked, id=2660, stack(0x000000ea0d600000,0x000000ea0d700000)]
  0x000002b1cc52d800 JavaThread "Attach Listener" daemon [_thread_blocked, id=3692, stack(0x000000ea0d700000,0x000000ea0d800000)]
  0x000002b1cc530800 JavaThread "Service Thread" daemon [_thread_blocked, id=19904, stack(0x000000ea0d800000,0x000000ea0d900000)]
  0x000002b1cc533800 JavaThread "C2 CompilerThread0" daemon [_thread_in_native, id=6476, stack(0x000000ea0d900000,0x000000ea0da00000)]
  0x000002b1cc53d000 JavaThread "C1 CompilerThread0" daemon [_thread_blocked, id=11572, stack(0x000000ea0da00000,0x000000ea0db00000)]
  0x000002b1cc541800 JavaThread "Sweeper thread" daemon [_thread_blocked, id=16288, stack(0x000000ea0db00000,0x000000ea0dc00000)]
  0x000002b1cc6b0800 JavaThread "Common-Cleaner" daemon [_thread_blocked, id=15052, stack(0x000000ea0dd00000,0x000000ea0de00000)]
=>0x000002b1cd43d800 JavaThread "C2 CompilerThread1" daemon [_thread_in_native, id=2336, stack(0x000000ea0de00000,0x000000ea0df00000)]
  0x000002b1cd568000 JavaThread "C2 CompilerThread2" daemon [_thread_in_native, id=19552, stack(0x000000ea0df00000,0x000000ea0e000000)]

Other Threads:
  0x000002b1cc4a6800 VMThread "VM Thread" [stack: 0x000000ea0d300000,0x000000ea0d400000] [id=14660]
  0x000002b1cc6a4000 WatcherThread [stack: 0x000000ea0dc00000,0x000000ea0dd00000] [id=19676]
  0x000002b1a6b9c800 GCTaskThread "GC Thread#0" [stack: 0x000000ea0ce00000,0x000000ea0cf00000] [id=17720]
  0x000002b1cd593000 GCTaskThread "GC Thread#1" [stack: 0x000000ea0e000000,0x000000ea0e100000] [id=20484]
  0x000002b1cda93800 GCTaskThread "GC Thread#2" [stack: 0x000000ea0e100000,0x000000ea0e200000] [id=9952]
  0x000002b1cda94800 GCTaskThread "GC Thread#3" [stack: 0x000000ea0e200000,0x000000ea0e300000] [id=20184]
  0x000002b1cdae5000 GCTaskThread "GC Thread#4" [stack: 0x000000ea0e300000,0x000000ea0e400000] [id=21152]
  0x000002b1cdae5800 GCTaskThread "GC Thread#5" [stack: 0x000000ea0e400000,0x000000ea0e500000] [id=5972]
  0x000002b1a6c03000 ConcurrentGCThread "G1 Main Marker" [stack: 0x000000ea0cf00000,0x000000ea0d000000] [id=3544]
  0x000002b1a6c05800 ConcurrentGCThread "G1 Conc#0" [stack: 0x000000ea0d000000,0x000000ea0d100000] [id=14552]
  0x000002b1cbb08000 ConcurrentGCThread "G1 Refine#0" [stack: 0x000000ea0d100000,0x000000ea0d200000] [id=9032]
  0x000002b1cbb09000 ConcurrentGCThread "G1 Young RemSet Sampling" [stack: 0x000000ea0d200000,0x000000ea0d300000] [id=9776]

Threads with active compile tasks:
C2 CompilerThread0     1391 1430       4       jdk.internal.module.SystemModuleFinders$SystemModuleReader::find (54 bytes)
C2 CompilerThread1     1391 1429       4       jdk.internal.module.SystemModuleFinders$SystemModuleReader::findImageLocation (42 bytes)
C2 CompilerThread2     1391 1465       4       jdk.internal.loader.URLClassPath::getResource (74 bytes)

VM state:not at safepoint (normal execution)

VM Mutex/Monitor currently owned by a thread:  ([mutex/lock_event])
[0x000002b1a6b757a0] Module_lock - owner thread: 0x0000000000000000
[0x000002b1a6b7f3d0] Compile_lock - owner thread: 0x0000000000000000

Heap address: 0x00000006e1e00000, size: 4578 MB, Compressed Oops mode: Zero based, Oop shift amount: 3
Narrow klass base: 0x0000000800000000, Narrow klass shift: 0
Compressed class space size: 1073741824 Address: 0x0000000800000000

Heap:
 garbage-first heap   total 294912K, used 23177K [0x00000006e1e00000, 0x0000000800000000)
  region size 1024K, 23 young (23552K), 3 survivors (3072K)
 Metaspace       used 15090K, capacity 15354K, committed 15488K, reserved 1062912K
  class space    used 1553K, capacity 1647K, committed 1664K, reserved 1048576K
Heap Regions: E=young(eden), S=young(survivor), O=old, HS=humongous(starts), HC=humongous(continues), CS=collection set, F=free, A=archive, TAMS=top-at-mark-start (previous, next)
|   0|0x00000006e1e00000, 0x00000006e1ea2600, 0x00000006e1f00000| 63%| O|  |TAMS 0x00000006e1e00000, 0x00000006e1e00000| Untracked 
|   1|0x00000006e1f00000, 0x00000006e1f00000, 0x00000006e2000000|  0%| F|  |TAMS 0x00000006e1f00000, 0x00000006e1f00000| Untracked 
|   2|0x00000006e2000000, 0x00000006e2000000, 0x00000006e2100000|  0%| F|  |TAMS 0x00000006e2000000, 0x00000006e2000000| Untracked 
|   3|0x00000006e2100000, 0x00000006e2100000, 0x00000006e2200000|  0%| F|  |TAMS 0x00000006e2100000, 0x00000006e2100000| Untracked 
|   4|0x00000006e2200000, 0x00000006e2200000, 0x00000006e2300000|  0%| F|  |TAMS 0x00000006e2200000, 0x00000006e2200000| Untracked 
|   5|0x00000006e2300000, 0x00000006e2300000, 0x00000006e2400000|  0%| F|  |TAMS 0x00000006e2300000, 0x00000006e2300000| Untracked 
|   6|0x00000006e2400000, 0x00000006e2400000, 0x00000006e2500000|  0%| F|  |TAMS 0x00000006e2400000, 0x00000006e2400000| Untracked 
|   7|0x00000006e2500000, 0x00000006e2500000, 0x00000006e2600000|  0%| F|  |TAMS 0x00000006e2500000, 0x00000006e2500000| Untracked 
|   8|0x00000006e2600000, 0x00000006e2600000, 0x00000006e2700000|  0%| F|  |TAMS 0x00000006e2600000, 0x00000006e2600000| Untracked 
|   9|0x00000006e2700000, 0x00000006e2700000, 0x00000006e2800000|  0%| F|  |TAMS 0x00000006e2700000, 0x00000006e2700000| Untracked 
|  10|0x00000006e2800000, 0x00000006e2800000, 0x00000006e2900000|  0%| F|  |TAMS 0x00000006e2800000, 0x00000006e2800000| Untracked 
|  11|0x00000006e2900000, 0x00000006e2900000, 0x00000006e2a00000|  0%| F|  |TAMS 0x00000006e2900000, 0x00000006e2900000| Untracked 
|  12|0x00000006e2a00000, 0x00000006e2a00000, 0x00000006e2b00000|  0%| F|  |TAMS 0x00000006e2a00000, 0x00000006e2a00000| Untracked 
|  13|0x00000006e2b00000, 0x00000006e2b00000, 0x00000006e2c00000|  0%| F|  |TAMS 0x00000006e2b00000, 0x00000006e2b00000| Untracked 
|  14|0x00000006e2c00000, 0x00000006e2c00000, 0x00000006e2d00000|  0%| F|  |TAMS 0x00000006e2c00000, 0x00000006e2c00000| Untracked 
|  15|0x00000006e2d00000, 0x00000006e2d00000, 0x00000006e2e00000|  0%| F|  |TAMS 0x00000006e2d00000, 0x00000006e2d00000| Untracked 
|  16|0x00000006e2e00000, 0x00000006e2e00000, 0x00000006e2f00000|  0%| F|  |TAMS 0x00000006e2e00000, 0x00000006e2e00000| Untracked 
|  17|0x00000006e2f00000, 0x00000006e2f00000, 0x00000006e3000000|  0%| F|  |TAMS 0x00000006e2f00000, 0x00000006e2f00000| Untracked 
|  18|0x00000006e3000000, 0x00000006e3000000, 0x00000006e3100000|  0%| F|  |TAMS 0x00000006e3000000, 0x00000006e3000000| Untracked 
|  19|0x00000006e3100000, 0x00000006e3100000, 0x00000006e3200000|  0%| F|  |TAMS 0x00000006e3100000, 0x00000006e3100000| Untracked 
|  20|0x00000006e3200000, 0x00000006e3200000, 0x00000006e3300000|  0%| F|  |TAMS 0x00000006e3200000, 0x00000006e3200000| Untracked 
|  21|0x00000006e3300000, 0x00000006e3300000, 0x00000006e3400000|  0%| F|  |TAMS 0x00000006e3300000, 0x00000006e3300000| Untracked 
|  22|0x00000006e3400000, 0x00000006e3400000, 0x00000006e3500000|  0%| F|  |TAMS 0x00000006e3400000, 0x00000006e3400000| Untracked 
|  23|0x00000006e3500000, 0x00000006e3500000, 0x00000006e3600000|  0%| F|  |TAMS 0x00000006e3500000, 0x00000006e3500000| Untracked 
|  24|0x00000006e3600000, 0x00000006e3600000, 0x00000006e3700000|  0%| F|  |TAMS 0x00000006e3600000, 0x00000006e3600000| Untracked 
|  25|0x00000006e3700000, 0x00000006e3700000, 0x00000006e3800000|  0%| F|  |TAMS 0x00000006e3700000, 0x00000006e3700000| Untracked 
|  26|0x00000006e3800000, 0x00000006e3800000, 0x00000006e3900000|  0%| F|  |TAMS 0x00000006e3800000, 0x00000006e3800000| Untracked 
|  27|0x00000006e3900000, 0x00000006e3900000, 0x00000006e3a00000|  0%| F|  |TAMS 0x00000006e3900000, 0x00000006e3900000| Untracked 
|  28|0x00000006e3a00000, 0x00000006e3a00000, 0x00000006e3b00000|  0%| F|  |TAMS 0x00000006e3a00000, 0x00000006e3a00000| Untracked 
|  29|0x00000006e3b00000, 0x00000006e3b00000, 0x00000006e3c00000|  0%| F|  |TAMS 0x00000006e3b00000, 0x00000006e3b00000| Untracked 
|  30|0x00000006e3c00000, 0x00000006e3c00000, 0x00000006e3d00000|  0%| F|  |TAMS 0x00000006e3c00000, 0x00000006e3c00000| Untracked 
|  31|0x00000006e3d00000, 0x00000006e3d00000, 0x00000006e3e00000|  0%| F|  |TAMS 0x00000006e3d00000, 0x00000006e3d00000| Untracked 
|  32|0x00000006e3e00000, 0x00000006e3e00000, 0x00000006e3f00000|  0%| F|  |TAMS 0x00000006e3e00000, 0x00000006e3e00000| Untracked 
|  33|0x00000006e3f00000, 0x00000006e3f00000, 0x00000006e4000000|  0%| F|  |TAMS 0x00000006e3f00000, 0x00000006e3f00000| Untracked 
|  34|0x00000006e4000000, 0x00000006e4000000, 0x00000006e4100000|  0%| F|  |TAMS 0x00000006e4000000, 0x00000006e4000000| Untracked 
|  35|0x00000006e4100000, 0x00000006e4100000, 0x00000006e4200000|  0%| F|  |TAMS 0x00000006e4100000, 0x00000006e4100000| Untracked 
|  36|0x00000006e4200000, 0x00000006e4200000, 0x00000006e4300000|  0%| F|  |TAMS 0x00000006e4200000, 0x00000006e4200000| Untracked 
|  37|0x00000006e4300000, 0x00000006e4300000, 0x00000006e4400000|  0%| F|  |TAMS 0x00000006e4300000, 0x00000006e4300000| Untracked 
|  38|0x00000006e4400000, 0x00000006e4400000, 0x00000006e4500000|  0%| F|  |TAMS 0x00000006e4400000, 0x00000006e4400000| Untracked 
|  39|0x00000006e4500000, 0x00000006e4500000, 0x00000006e4600000|  0%| F|  |TAMS 0x00000006e4500000, 0x00000006e4500000| Untracked 
|  40|0x00000006e4600000, 0x00000006e4600000, 0x00000006e4700000|  0%| F|  |TAMS 0x00000006e4600000, 0x00000006e4600000| Untracked 
|  41|0x00000006e4700000, 0x00000006e4700000, 0x00000006e4800000|  0%| F|  |TAMS 0x00000006e4700000, 0x00000006e4700000| Untracked 
|  42|0x00000006e4800000, 0x00000006e4800000, 0x00000006e4900000|  0%| F|  |TAMS 0x00000006e4800000, 0x00000006e4800000| Untracked 
|  43|0x00000006e4900000, 0x00000006e4900000, 0x00000006e4a00000|  0%| F|  |TAMS 0x00000006e4900000, 0x00000006e4900000| Untracked 
|  44|0x00000006e4a00000, 0x00000006e4a00000, 0x00000006e4b00000|  0%| F|  |TAMS 0x00000006e4a00000, 0x00000006e4a00000| Untracked 
|  45|0x00000006e4b00000, 0x00000006e4b00000, 0x00000006e4c00000|  0%| F|  |TAMS 0x00000006e4b00000, 0x00000006e4b00000| Untracked 
|  46|0x00000006e4c00000, 0x00000006e4c00000, 0x00000006e4d00000|  0%| F|  |TAMS 0x00000006e4c00000, 0x00000006e4c00000| Untracked 
|  47|0x00000006e4d00000, 0x00000006e4d00000, 0x00000006e4e00000|  0%| F|  |TAMS 0x00000006e4d00000, 0x00000006e4d00000| Untracked 
|  48|0x00000006e4e00000, 0x00000006e4e00000, 0x00000006e4f00000|  0%| F|  |TAMS 0x00000006e4e00000, 0x00000006e4e00000| Untracked 
|  49|0x00000006e4f00000, 0x00000006e4f00000, 0x00000006e5000000|  0%| F|  |TAMS 0x00000006e4f00000, 0x00000006e4f00000| Untracked 
|  50|0x00000006e5000000, 0x00000006e5000000, 0x00000006e5100000|  0%| F|  |TAMS 0x00000006e5000000, 0x00000006e5000000| Untracked 
|  51|0x00000006e5100000, 0x00000006e5100000, 0x00000006e5200000|  0%| F|  |TAMS 0x00000006e5100000, 0x00000006e5100000| Untracked 
|  52|0x00000006e5200000, 0x00000006e5200000, 0x00000006e5300000|  0%| F|  |TAMS 0x00000006e5200000, 0x00000006e5200000| Untracked 
|  53|0x00000006e5300000, 0x00000006e5300000, 0x00000006e5400000|  0%| F|  |TAMS 0x00000006e5300000, 0x00000006e5300000| Untracked 
|  54|0x00000006e5400000, 0x00000006e5400000, 0x00000006e5500000|  0%| F|  |TAMS 0x00000006e5400000, 0x00000006e5400000| Untracked 
|  55|0x00000006e5500000, 0x00000006e5500000, 0x00000006e5600000|  0%| F|  |TAMS 0x00000006e5500000, 0x00000006e5500000| Untracked 
|  56|0x00000006e5600000, 0x00000006e5600000, 0x00000006e5700000|  0%| F|  |TAMS 0x00000006e5600000, 0x00000006e5600000| Untracked 
|  57|0x00000006e5700000, 0x00000006e5700000, 0x00000006e5800000|  0%| F|  |TAMS 0x00000006e5700000, 0x00000006e5700000| Untracked 
|  58|0x00000006e5800000, 0x00000006e5800000, 0x00000006e5900000|  0%| F|  |TAMS 0x00000006e5800000, 0x00000006e5800000| Untracked 
|  59|0x00000006e5900000, 0x00000006e5900000, 0x00000006e5a00000|  0%| F|  |TAMS 0x00000006e5900000, 0x00000006e5900000| Untracked 
|  60|0x00000006e5a00000, 0x00000006e5a00000, 0x00000006e5b00000|  0%| F|  |TAMS 0x00000006e5a00000, 0x00000006e5a00000| Untracked 
|  61|0x00000006e5b00000, 0x00000006e5b00000, 0x00000006e5c00000|  0%| F|  |TAMS 0x00000006e5b00000, 0x00000006e5b00000| Untracked 
|  62|0x00000006e5c00000, 0x00000006e5c00000, 0x00000006e5d00000|  0%| F|  |TAMS 0x00000006e5c00000, 0x00000006e5c00000| Untracked 
|  63|0x00000006e5d00000, 0x00000006e5d00000, 0x00000006e5e00000|  0%| F|  |TAMS 0x00000006e5d00000, 0x00000006e5d00000| Untracked 
|  64|0x00000006e5e00000, 0x00000006e5e00000, 0x00000006e5f00000|  0%| F|  |TAMS 0x00000006e5e00000, 0x00000006e5e00000| Untracked 
|  65|0x00000006e5f00000, 0x00000006e5f00000, 0x00000006e6000000|  0%| F|  |TAMS 0x00000006e5f00000, 0x00000006e5f00000| Untracked 
|  66|0x00000006e6000000, 0x00000006e6000000, 0x00000006e6100000|  0%| F|  |TAMS 0x00000006e6000000, 0x00000006e6000000| Untracked 
|  67|0x00000006e6100000, 0x00000006e6100000, 0x00000006e6200000|  0%| F|  |TAMS 0x00000006e6100000, 0x00000006e6100000| Untracked 
|  68|0x00000006e6200000, 0x00000006e6200000, 0x00000006e6300000|  0%| F|  |TAMS 0x00000006e6200000, 0x00000006e6200000| Untracked 
|  69|0x00000006e6300000, 0x00000006e6300000, 0x00000006e6400000|  0%| F|  |TAMS 0x00000006e6300000, 0x00000006e6300000| Untracked 
|  70|0x00000006e6400000, 0x00000006e6400000, 0x00000006e6500000|  0%| F|  |TAMS 0x00000006e6400000, 0x00000006e6400000| Untracked 
|  71|0x00000006e6500000, 0x00000006e6500000, 0x00000006e6600000|  0%| F|  |TAMS 0x00000006e6500000, 0x00000006e6500000| Untracked 
|  72|0x00000006e6600000, 0x00000006e6600000, 0x00000006e6700000|  0%| F|  |TAMS 0x00000006e6600000, 0x00000006e6600000| Untracked 
|  73|0x00000006e6700000, 0x00000006e6700000, 0x00000006e6800000|  0%| F|  |TAMS 0x00000006e6700000, 0x00000006e6700000| Untracked 
|  74|0x00000006e6800000, 0x00000006e6800000, 0x00000006e6900000|  0%| F|  |TAMS 0x00000006e6800000, 0x00000006e6800000| Untracked 
|  75|0x00000006e6900000, 0x00000006e6900000, 0x00000006e6a00000|  0%| F|  |TAMS 0x00000006e6900000, 0x00000006e6900000| Untracked 
|  76|0x00000006e6a00000, 0x00000006e6a00000, 0x00000006e6b00000|  0%| F|  |TAMS 0x00000006e6a00000, 0x00000006e6a00000| Untracked 
|  77|0x00000006e6b00000, 0x00000006e6b00000, 0x00000006e6c00000|  0%| F|  |TAMS 0x00000006e6b00000, 0x00000006e6b00000| Untracked 
|  78|0x00000006e6c00000, 0x00000006e6c00000, 0x00000006e6d00000|  0%| F|  |TAMS 0x00000006e6c00000, 0x00000006e6c00000| Untracked 
|  79|0x00000006e6d00000, 0x00000006e6d00000, 0x00000006e6e00000|  0%| F|  |TAMS 0x00000006e6d00000, 0x00000006e6d00000| Untracked 
|  80|0x00000006e6e00000, 0x00000006e6e00000, 0x00000006e6f00000|  0%| F|  |TAMS 0x00000006e6e00000, 0x00000006e6e00000| Untracked 
|  81|0x00000006e6f00000, 0x00000006e6f00000, 0x00000006e7000000|  0%| F|  |TAMS 0x00000006e6f00000, 0x00000006e6f00000| Untracked 
|  82|0x00000006e7000000, 0x00000006e7000000, 0x00000006e7100000|  0%| F|  |TAMS 0x00000006e7000000, 0x00000006e7000000| Untracked 
|  83|0x00000006e7100000, 0x00000006e7100000, 0x00000006e7200000|  0%| F|  |TAMS 0x00000006e7100000, 0x00000006e7100000| Untracked 
|  84|0x00000006e7200000, 0x00000006e7200000, 0x00000006e7300000|  0%| F|  |TAMS 0x00000006e7200000, 0x00000006e7200000| Untracked 
|  85|0x00000006e7300000, 0x00000006e7300000, 0x00000006e7400000|  0%| F|  |TAMS 0x00000006e7300000, 0x00000006e7300000| Untracked 
|  86|0x00000006e7400000, 0x00000006e7400000, 0x00000006e7500000|  0%| F|  |TAMS 0x00000006e7400000, 0x00000006e7400000| Untracked 
|  87|0x00000006e7500000, 0x00000006e7500000, 0x00000006e7600000|  0%| F|  |TAMS 0x00000006e7500000, 0x00000006e7500000| Untracked 
|  88|0x00000006e7600000, 0x00000006e7600000, 0x00000006e7700000|  0%| F|  |TAMS 0x00000006e7600000, 0x00000006e7600000| Untracked 
|  89|0x00000006e7700000, 0x00000006e7700000, 0x00000006e7800000|  0%| F|  |TAMS 0x00000006e7700000, 0x00000006e7700000| Untracked 
|  90|0x00000006e7800000, 0x00000006e7800000, 0x00000006e7900000|  0%| F|  |TAMS 0x00000006e7800000, 0x00000006e7800000| Untracked 
|  91|0x00000006e7900000, 0x00000006e7900000, 0x00000006e7a00000|  0%| F|  |TAMS 0x00000006e7900000, 0x00000006e7900000| Untracked 
|  92|0x00000006e7a00000, 0x00000006e7a00000, 0x00000006e7b00000|  0%| F|  |TAMS 0x00000006e7a00000, 0x00000006e7a00000| Untracked 
|  93|0x00000006e7b00000, 0x00000006e7b00000, 0x00000006e7c00000|  0%| F|  |TAMS 0x00000006e7b00000, 0x00000006e7b00000| Untracked 
|  94|0x00000006e7c00000, 0x00000006e7c00000, 0x00000006e7d00000|  0%| F|  |TAMS 0x00000006e7c00000, 0x00000006e7c00000| Untracked 
|  95|0x00000006e7d00000, 0x00000006e7d00000, 0x00000006e7e00000|  0%| F|  |TAMS 0x00000006e7d00000, 0x00000006e7d00000| Untracked 
|  96|0x00000006e7e00000, 0x00000006e7e00000, 0x00000006e7f00000|  0%| F|  |TAMS 0x00000006e7e00000, 0x00000006e7e00000| Untracked 
|  97|0x00000006e7f00000, 0x00000006e7f00000, 0x00000006e8000000|  0%| F|  |TAMS 0x00000006e7f00000, 0x00000006e7f00000| Untracked 
|  98|0x00000006e8000000, 0x00000006e8000000, 0x00000006e8100000|  0%| F|  |TAMS 0x00000006e8000000, 0x00000006e8000000| Untracked 
|  99|0x00000006e8100000, 0x00000006e8100000, 0x00000006e8200000|  0%| F|  |TAMS 0x00000006e8100000, 0x00000006e8100000| Untracked 
| 100|0x00000006e8200000, 0x00000006e8200000, 0x00000006e8300000|  0%| F|  |TAMS 0x00000006e8200000, 0x00000006e8200000| Untracked 
| 101|0x00000006e8300000, 0x00000006e8300000, 0x00000006e8400000|  0%| F|  |TAMS 0x00000006e8300000, 0x00000006e8300000| Untracked 
| 102|0x00000006e8400000, 0x00000006e8400000, 0x00000006e8500000|  0%| F|  |TAMS 0x00000006e8400000, 0x00000006e8400000| Untracked 
| 103|0x00000006e8500000, 0x00000006e8500000, 0x00000006e8600000|  0%| F|  |TAMS 0x00000006e8500000, 0x00000006e8500000| Untracked 
| 104|0x00000006e8600000, 0x00000006e8600000, 0x00000006e8700000|  0%| F|  |TAMS 0x00000006e8600000, 0x00000006e8600000| Untracked 
| 105|0x00000006e8700000, 0x00000006e8700000, 0x00000006e8800000|  0%| F|  |TAMS 0x00000006e8700000, 0x00000006e8700000| Untracked 
| 106|0x00000006e8800000, 0x00000006e8800000, 0x00000006e8900000|  0%| F|  |TAMS 0x00000006e8800000, 0x00000006e8800000| Untracked 
| 107|0x00000006e8900000, 0x00000006e8900000, 0x00000006e8a00000|  0%| F|  |TAMS 0x00000006e8900000, 0x00000006e8900000| Untracked 
| 108|0x00000006e8a00000, 0x00000006e8a00000, 0x00000006e8b00000|  0%| F|  |TAMS 0x00000006e8a00000, 0x00000006e8a00000| Untracked 
| 109|0x00000006e8b00000, 0x00000006e8b00000, 0x00000006e8c00000|  0%| F|  |TAMS 0x00000006e8b00000, 0x00000006e8b00000| Untracked 
| 110|0x00000006e8c00000, 0x00000006e8c00000, 0x00000006e8d00000|  0%| F|  |TAMS 0x00000006e8c00000, 0x00000006e8c00000| Untracked 
| 111|0x00000006e8d00000, 0x00000006e8d00000, 0x00000006e8e00000|  0%| F|  |TAMS 0x00000006e8d00000, 0x00000006e8d00000| Untracked 
| 112|0x00000006e8e00000, 0x00000006e8e00000, 0x00000006e8f00000|  0%| F|  |TAMS 0x00000006e8e00000, 0x00000006e8e00000| Untracked 
| 113|0x00000006e8f00000, 0x00000006e8f00000, 0x00000006e9000000|  0%| F|  |TAMS 0x00000006e8f00000, 0x00000006e8f00000| Untracked 
| 114|0x00000006e9000000, 0x00000006e9000000, 0x00000006e9100000|  0%| F|  |TAMS 0x00000006e9000000, 0x00000006e9000000| Untracked 
| 115|0x00000006e9100000, 0x00000006e9100000, 0x00000006e9200000|  0%| F|  |TAMS 0x00000006e9100000, 0x00000006e9100000| Untracked 
| 116|0x00000006e9200000, 0x00000006e9200000, 0x00000006e9300000|  0%| F|  |TAMS 0x00000006e9200000, 0x00000006e9200000| Untracked 
| 117|0x00000006e9300000, 0x00000006e9300000, 0x00000006e9400000|  0%| F|  |TAMS 0x00000006e9300000, 0x00000006e9300000| Untracked 
| 118|0x00000006e9400000, 0x00000006e9400000, 0x00000006e9500000|  0%| F|  |TAMS 0x00000006e9400000, 0x00000006e9400000| Untracked 
| 119|0x00000006e9500000, 0x00000006e9500000, 0x00000006e9600000|  0%| F|  |TAMS 0x00000006e9500000, 0x00000006e9500000| Untracked 
| 120|0x00000006e9600000, 0x00000006e9600000, 0x00000006e9700000|  0%| F|  |TAMS 0x00000006e9600000, 0x00000006e9600000| Untracked 
| 121|0x00000006e9700000, 0x00000006e9700000, 0x00000006e9800000|  0%| F|  |TAMS 0x00000006e9700000, 0x00000006e9700000| Untracked 
| 122|0x00000006e9800000, 0x00000006e9800000, 0x00000006e9900000|  0%| F|  |TAMS 0x00000006e9800000, 0x00000006e9800000| Untracked 
| 123|0x00000006e9900000, 0x00000006e9900000, 0x00000006e9a00000|  0%| F|  |TAMS 0x00000006e9900000, 0x00000006e9900000| Untracked 
| 124|0x00000006e9a00000, 0x00000006e9a00000, 0x00000006e9b00000|  0%| F|  |TAMS 0x00000006e9a00000, 0x00000006e9a00000| Untracked 
| 125|0x00000006e9b00000, 0x00000006e9b00000, 0x00000006e9c00000|  0%| F|  |TAMS 0x00000006e9b00000, 0x00000006e9b00000| Untracked 
| 126|0x00000006e9c00000, 0x00000006e9c00000, 0x00000006e9d00000|  0%| F|  |TAMS 0x00000006e9c00000, 0x00000006e9c00000| Untracked 
| 127|0x00000006e9d00000, 0x00000006e9d00000, 0x00000006e9e00000|  0%| F|  |TAMS 0x00000006e9d00000, 0x00000006e9d00000| Untracked 
| 128|0x00000006e9e00000, 0x00000006e9e00000, 0x00000006e9f00000|  0%| F|  |TAMS 0x00000006e9e00000, 0x00000006e9e00000| Untracked 
| 129|0x00000006e9f00000, 0x00000006e9f00000, 0x00000006ea000000|  0%| F|  |TAMS 0x00000006e9f00000, 0x00000006e9f00000| Untracked 
| 130|0x00000006ea000000, 0x00000006ea000000, 0x00000006ea100000|  0%| F|  |TAMS 0x00000006ea000000, 0x00000006ea000000| Untracked 
| 131|0x00000006ea100000, 0x00000006ea100000, 0x00000006ea200000|  0%| F|  |TAMS 0x00000006ea100000, 0x00000006ea100000| Untracked 
| 132|0x00000006ea200000, 0x00000006ea200000, 0x00000006ea300000|  0%| F|  |TAMS 0x00000006ea200000, 0x00000006ea200000| Untracked 
| 133|0x00000006ea300000, 0x00000006ea300000, 0x00000006ea400000|  0%| F|  |TAMS 0x00000006ea300000, 0x00000006ea300000| Untracked 
| 134|0x00000006ea400000, 0x00000006ea400000, 0x00000006ea500000|  0%| F|  |TAMS 0x00000006ea400000, 0x00000006ea400000| Untracked 
| 135|0x00000006ea500000, 0x00000006ea500000, 0x00000006ea600000|  0%| F|  |TAMS 0x00000006ea500000, 0x00000006ea500000| Untracked 
| 136|0x00000006ea600000, 0x00000006ea600000, 0x00000006ea700000|  0%| F|  |TAMS 0x00000006ea600000, 0x00000006ea600000| Untracked 
| 137|0x00000006ea700000, 0x00000006ea700000, 0x00000006ea800000|  0%| F|  |TAMS 0x00000006ea700000, 0x00000006ea700000| Untracked 
| 138|0x00000006ea800000, 0x00000006ea800000, 0x00000006ea900000|  0%| F|  |TAMS 0x00000006ea800000, 0x00000006ea800000| Untracked 
| 139|0x00000006ea900000, 0x00000006ea900000, 0x00000006eaa00000|  0%| F|  |TAMS 0x00000006ea900000, 0x00000006ea900000| Untracked 
| 140|0x00000006eaa00000, 0x00000006eaa00000, 0x00000006eab00000|  0%| F|  |TAMS 0x00000006eaa00000, 0x00000006eaa00000| Untracked 
| 141|0x00000006eab00000, 0x00000006eab00000, 0x00000006eac00000|  0%| F|  |TAMS 0x00000006eab00000, 0x00000006eab00000| Untracked 
| 142|0x00000006eac00000, 0x00000006eac00000, 0x00000006ead00000|  0%| F|  |TAMS 0x00000006eac00000, 0x00000006eac00000| Untracked 
| 143|0x00000006ead00000, 0x00000006ead00000, 0x00000006eae00000|  0%| F|  |TAMS 0x00000006ead00000, 0x00000006ead00000| Untracked 
| 144|0x00000006eae00000, 0x00000006eae00000, 0x00000006eaf00000|  0%| F|  |TAMS 0x00000006eae00000, 0x00000006eae00000| Untracked 
| 145|0x00000006eaf00000, 0x00000006eaf00000, 0x00000006eb000000|  0%| F|  |TAMS 0x00000006eaf00000, 0x00000006eaf00000| Untracked 
| 146|0x00000006eb000000, 0x00000006eb000000, 0x00000006eb100000|  0%| F|  |TAMS 0x00000006eb000000, 0x00000006eb000000| Untracked 
| 147|0x00000006eb100000, 0x00000006eb100000, 0x00000006eb200000|  0%| F|  |TAMS 0x00000006eb100000, 0x00000006eb100000| Untracked 
| 148|0x00000006eb200000, 0x00000006eb200000, 0x00000006eb300000|  0%| F|  |TAMS 0x00000006eb200000, 0x00000006eb200000| Untracked 
| 149|0x00000006eb300000, 0x00000006eb300000, 0x00000006eb400000|  0%| F|  |TAMS 0x00000006eb300000, 0x00000006eb300000| Untracked 
| 150|0x00000006eb400000, 0x00000006eb400000, 0x00000006eb500000|  0%| F|  |TAMS 0x00000006eb400000, 0x00000006eb400000| Untracked 
| 151|0x00000006eb500000, 0x00000006eb500000, 0x00000006eb600000|  0%| F|  |TAMS 0x00000006eb500000, 0x00000006eb500000| Untracked 
| 152|0x00000006eb600000, 0x00000006eb600000, 0x00000006eb700000|  0%| F|  |TAMS 0x00000006eb600000, 0x00000006eb600000| Untracked 
| 153|0x00000006eb700000, 0x00000006eb700000, 0x00000006eb800000|  0%| F|  |TAMS 0x00000006eb700000, 0x00000006eb700000| Untracked 
| 154|0x00000006eb800000, 0x00000006eb800000, 0x00000006eb900000|  0%| F|  |TAMS 0x00000006eb800000, 0x00000006eb800000| Untracked 
| 155|0x00000006eb900000, 0x00000006eb900000, 0x00000006eba00000|  0%| F|  |TAMS 0x00000006eb900000, 0x00000006eb900000| Untracked 
| 156|0x00000006eba00000, 0x00000006eba00000, 0x00000006ebb00000|  0%| F|  |TAMS 0x00000006eba00000, 0x00000006eba00000| Untracked 
| 157|0x00000006ebb00000, 0x00000006ebb00000, 0x00000006ebc00000|  0%| F|  |TAMS 0x00000006ebb00000, 0x00000006ebb00000| Untracked 
| 158|0x00000006ebc00000, 0x00000006ebc00000, 0x00000006ebd00000|  0%| F|  |TAMS 0x00000006ebc00000, 0x00000006ebc00000| Untracked 
| 159|0x00000006ebd00000, 0x00000006ebd00000, 0x00000006ebe00000|  0%| F|  |TAMS 0x00000006ebd00000, 0x00000006ebd00000| Untracked 
| 160|0x00000006ebe00000, 0x00000006ebe00000, 0x00000006ebf00000|  0%| F|  |TAMS 0x00000006ebe00000, 0x00000006ebe00000| Untracked 
| 161|0x00000006ebf00000, 0x00000006ebf00000, 0x00000006ec000000|  0%| F|  |TAMS 0x00000006ebf00000, 0x00000006ebf00000| Untracked 
| 162|0x00000006ec000000, 0x00000006ec000000, 0x00000006ec100000|  0%| F|  |TAMS 0x00000006ec000000, 0x00000006ec000000| Untracked 
| 163|0x00000006ec100000, 0x00000006ec100000, 0x00000006ec200000|  0%| F|  |TAMS 0x00000006ec100000, 0x00000006ec100000| Untracked 
| 164|0x00000006ec200000, 0x00000006ec200000, 0x00000006ec300000|  0%| F|  |TAMS 0x00000006ec200000, 0x00000006ec200000| Untracked 
| 165|0x00000006ec300000, 0x00000006ec300000, 0x00000006ec400000|  0%| F|  |TAMS 0x00000006ec300000, 0x00000006ec300000| Untracked 
| 166|0x00000006ec400000, 0x00000006ec400000, 0x00000006ec500000|  0%| F|  |TAMS 0x00000006ec400000, 0x00000006ec400000| Untracked 
| 167|0x00000006ec500000, 0x00000006ec500000, 0x00000006ec600000|  0%| F|  |TAMS 0x00000006ec500000, 0x00000006ec500000| Untracked 
| 168|0x00000006ec600000, 0x00000006ec600000, 0x00000006ec700000|  0%| F|  |TAMS 0x00000006ec600000, 0x00000006ec600000| Untracked 
| 169|0x00000006ec700000, 0x00000006ec700000, 0x00000006ec800000|  0%| F|  |TAMS 0x00000006ec700000, 0x00000006ec700000| Untracked 
| 170|0x00000006ec800000, 0x00000006ec800000, 0x00000006ec900000|  0%| F|  |TAMS 0x00000006ec800000, 0x00000006ec800000| Untracked 
| 171|0x00000006ec900000, 0x00000006ec900000, 0x00000006eca00000|  0%| F|  |TAMS 0x00000006ec900000, 0x00000006ec900000| Untracked 
| 172|0x00000006eca00000, 0x00000006eca00000, 0x00000006ecb00000|  0%| F|  |TAMS 0x00000006eca00000, 0x00000006eca00000| Untracked 
| 173|0x00000006ecb00000, 0x00000006ecb00000, 0x00000006ecc00000|  0%| F|  |TAMS 0x00000006ecb00000, 0x00000006ecb00000| Untracked 
| 174|0x00000006ecc00000, 0x00000006ecc00000, 0x00000006ecd00000|  0%| F|  |TAMS 0x00000006ecc00000, 0x00000006ecc00000| Untracked 
| 175|0x00000006ecd00000, 0x00000006ecd00000, 0x00000006ece00000|  0%| F|  |TAMS 0x00000006ecd00000, 0x00000006ecd00000| Untracked 
| 176|0x00000006ece00000, 0x00000006ece00000, 0x00000006ecf00000|  0%| F|  |TAMS 0x00000006ece00000, 0x00000006ece00000| Untracked 
| 177|0x00000006ecf00000, 0x00000006ecf00000, 0x00000006ed000000|  0%| F|  |TAMS 0x00000006ecf00000, 0x00000006ecf00000| Untracked 
| 178|0x00000006ed000000, 0x00000006ed000000, 0x00000006ed100000|  0%| F|  |TAMS 0x00000006ed000000, 0x00000006ed000000| Untracked 
| 179|0x00000006ed100000, 0x00000006ed100000, 0x00000006ed200000|  0%| F|  |TAMS 0x00000006ed100000, 0x00000006ed100000| Untracked 
| 180|0x00000006ed200000, 0x00000006ed200000, 0x00000006ed300000|  0%| F|  |TAMS 0x00000006ed200000, 0x00000006ed200000| Untracked 
| 181|0x00000006ed300000, 0x00000006ed300000, 0x00000006ed400000|  0%| F|  |TAMS 0x00000006ed300000, 0x00000006ed300000| Untracked 
| 182|0x00000006ed400000, 0x00000006ed400000, 0x00000006ed500000|  0%| F|  |TAMS 0x00000006ed400000, 0x00000006ed400000| Untracked 
| 183|0x00000006ed500000, 0x00000006ed500000, 0x00000006ed600000|  0%| F|  |TAMS 0x00000006ed500000, 0x00000006ed500000| Untracked 
| 184|0x00000006ed600000, 0x00000006ed600000, 0x00000006ed700000|  0%| F|  |TAMS 0x00000006ed600000, 0x00000006ed600000| Untracked 
| 185|0x00000006ed700000, 0x00000006ed700000, 0x00000006ed800000|  0%| F|  |TAMS 0x00000006ed700000, 0x00000006ed700000| Untracked 
| 186|0x00000006ed800000, 0x00000006ed800000, 0x00000006ed900000|  0%| F|  |TAMS 0x00000006ed800000, 0x00000006ed800000| Untracked 
| 187|0x00000006ed900000, 0x00000006ed900000, 0x00000006eda00000|  0%| F|  |TAMS 0x00000006ed900000, 0x00000006ed900000| Untracked 
| 188|0x00000006eda00000, 0x00000006eda00000, 0x00000006edb00000|  0%| F|  |TAMS 0x00000006eda00000, 0x00000006eda00000| Untracked 
| 189|0x00000006edb00000, 0x00000006edb00000, 0x00000006edc00000|  0%| F|  |TAMS 0x00000006edb00000, 0x00000006edb00000| Untracked 
| 190|0x00000006edc00000, 0x00000006edc00000, 0x00000006edd00000|  0%| F|  |TAMS 0x00000006edc00000, 0x00000006edc00000| Untracked 
| 191|0x00000006edd00000, 0x00000006edd00000, 0x00000006ede00000|  0%| F|  |TAMS 0x00000006edd00000, 0x00000006edd00000| Untracked 
| 192|0x00000006ede00000, 0x00000006ede00000, 0x00000006edf00000|  0%| F|  |TAMS 0x00000006ede00000, 0x00000006ede00000| Untracked 
| 193|0x00000006edf00000, 0x00000006edf00000, 0x00000006ee000000|  0%| F|  |TAMS 0x00000006edf00000, 0x00000006edf00000| Untracked 
| 194|0x00000006ee000000, 0x00000006ee000000, 0x00000006ee100000|  0%| F|  |TAMS 0x00000006ee000000, 0x00000006ee000000| Untracked 
| 195|0x00000006ee100000, 0x00000006ee100000, 0x00000006ee200000|  0%| F|  |TAMS 0x00000006ee100000, 0x00000006ee100000| Untracked 
| 196|0x00000006ee200000, 0x00000006ee200000, 0x00000006ee300000|  0%| F|  |TAMS 0x00000006ee200000, 0x00000006ee200000| Untracked 
| 197|0x00000006ee300000, 0x00000006ee300000, 0x00000006ee400000|  0%| F|  |TAMS 0x00000006ee300000, 0x00000006ee300000| Untracked 
| 198|0x00000006ee400000, 0x00000006ee400000, 0x00000006ee500000|  0%| F|  |TAMS 0x00000006ee400000, 0x00000006ee400000| Untracked 
| 199|0x00000006ee500000, 0x00000006ee500000, 0x00000006ee600000|  0%| F|  |TAMS 0x00000006ee500000, 0x00000006ee500000| Untracked 
| 200|0x00000006ee600000, 0x00000006ee600000, 0x00000006ee700000|  0%| F|  |TAMS 0x00000006ee600000, 0x00000006ee600000| Untracked 
| 201|0x00000006ee700000, 0x00000006ee700000, 0x00000006ee800000|  0%| F|  |TAMS 0x00000006ee700000, 0x00000006ee700000| Untracked 
| 202|0x00000006ee800000, 0x00000006ee800000, 0x00000006ee900000|  0%| F|  |TAMS 0x00000006ee800000, 0x00000006ee800000| Untracked 
| 203|0x00000006ee900000, 0x00000006ee900000, 0x00000006eea00000|  0%| F|  |TAMS 0x00000006ee900000, 0x00000006ee900000| Untracked 
| 204|0x00000006eea00000, 0x00000006eea00000, 0x00000006eeb00000|  0%| F|  |TAMS 0x00000006eea00000, 0x00000006eea00000| Untracked 
| 205|0x00000006eeb00000, 0x00000006eeb00000, 0x00000006eec00000|  0%| F|  |TAMS 0x00000006eeb00000, 0x00000006eeb00000| Untracked 
| 206|0x00000006eec00000, 0x00000006eec00000, 0x00000006eed00000|  0%| F|  |TAMS 0x00000006eec00000, 0x00000006eec00000| Untracked 
| 207|0x00000006eed00000, 0x00000006eed00000, 0x00000006eee00000|  0%| F|  |TAMS 0x00000006eed00000, 0x00000006eed00000| Untracked 
| 208|0x00000006eee00000, 0x00000006eee00000, 0x00000006eef00000|  0%| F|  |TAMS 0x00000006eee00000, 0x00000006eee00000| Untracked 
| 209|0x00000006eef00000, 0x00000006eef00000, 0x00000006ef000000|  0%| F|  |TAMS 0x00000006eef00000, 0x00000006eef00000| Untracked 
| 210|0x00000006ef000000, 0x00000006ef000000, 0x00000006ef100000|  0%| F|  |TAMS 0x00000006ef000000, 0x00000006ef000000| Untracked 
| 211|0x00000006ef100000, 0x00000006ef100000, 0x00000006ef200000|  0%| F|  |TAMS 0x00000006ef100000, 0x00000006ef100000| Untracked 
| 212|0x00000006ef200000, 0x00000006ef200000, 0x00000006ef300000|  0%| F|  |TAMS 0x00000006ef200000, 0x00000006ef200000| Untracked 
| 213|0x00000006ef300000, 0x00000006ef300000, 0x00000006ef400000|  0%| F|  |TAMS 0x00000006ef300000, 0x00000006ef300000| Untracked 
| 214|0x00000006ef400000, 0x00000006ef400000, 0x00000006ef500000|  0%| F|  |TAMS 0x00000006ef400000, 0x00000006ef400000| Untracked 
| 215|0x00000006ef500000, 0x00000006ef500000, 0x00000006ef600000|  0%| F|  |TAMS 0x00000006ef500000, 0x00000006ef500000| Untracked 
| 216|0x00000006ef600000, 0x00000006ef600000, 0x00000006ef700000|  0%| F|  |TAMS 0x00000006ef600000, 0x00000006ef600000| Untracked 
| 217|0x00000006ef700000, 0x00000006ef700000, 0x00000006ef800000|  0%| F|  |TAMS 0x00000006ef700000, 0x00000006ef700000| Untracked 
| 218|0x00000006ef800000, 0x00000006ef800000, 0x00000006ef900000|  0%| F|  |TAMS 0x00000006ef800000, 0x00000006ef800000| Untracked 
| 219|0x00000006ef900000, 0x00000006ef900000, 0x00000006efa00000|  0%| F|  |TAMS 0x00000006ef900000, 0x00000006ef900000| Untracked 
| 220|0x00000006efa00000, 0x00000006efa00000, 0x00000006efb00000|  0%| F|  |TAMS 0x00000006efa00000, 0x00000006efa00000| Untracked 
| 221|0x00000006efb00000, 0x00000006efb00000, 0x00000006efc00000|  0%| F|  |TAMS 0x00000006efb00000, 0x00000006efb00000| Untracked 
| 222|0x00000006efc00000, 0x00000006efc00000, 0x00000006efd00000|  0%| F|  |TAMS 0x00000006efc00000, 0x00000006efc00000| Untracked 
| 223|0x00000006efd00000, 0x00000006efd00000, 0x00000006efe00000|  0%| F|  |TAMS 0x00000006efd00000, 0x00000006efd00000| Untracked 
| 224|0x00000006efe00000, 0x00000006efe00000, 0x00000006eff00000|  0%| F|  |TAMS 0x00000006efe00000, 0x00000006efe00000| Untracked 
| 225|0x00000006eff00000, 0x00000006eff00000, 0x00000006f0000000|  0%| F|  |TAMS 0x00000006eff00000, 0x00000006eff00000| Untracked 
| 226|0x00000006f0000000, 0x00000006f0000000, 0x00000006f0100000|  0%| F|  |TAMS 0x00000006f0000000, 0x00000006f0000000| Untracked 
| 227|0x00000006f0100000, 0x00000006f0100000, 0x00000006f0200000|  0%| F|  |TAMS 0x00000006f0100000, 0x00000006f0100000| Untracked 
| 228|0x00000006f0200000, 0x00000006f0200000, 0x00000006f0300000|  0%| F|  |TAMS 0x00000006f0200000, 0x00000006f0200000| Untracked 
| 229|0x00000006f0300000, 0x00000006f0300000, 0x00000006f0400000|  0%| F|  |TAMS 0x00000006f0300000, 0x00000006f0300000| Untracked 
| 230|0x00000006f0400000, 0x00000006f0400000, 0x00000006f0500000|  0%| F|  |TAMS 0x00000006f0400000, 0x00000006f0400000| Untracked 
| 231|0x00000006f0500000, 0x00000006f0500000, 0x00000006f0600000|  0%| F|  |TAMS 0x00000006f0500000, 0x00000006f0500000| Untracked 
| 232|0x00000006f0600000, 0x00000006f0600000, 0x00000006f0700000|  0%| F|  |TAMS 0x00000006f0600000, 0x00000006f0600000| Untracked 
| 233|0x00000006f0700000, 0x00000006f0700000, 0x00000006f0800000|  0%| F|  |TAMS 0x00000006f0700000, 0x00000006f0700000| Untracked 
| 234|0x00000006f0800000, 0x00000006f0800000, 0x00000006f0900000|  0%| F|  |TAMS 0x00000006f0800000, 0x00000006f0800000| Untracked 
| 235|0x00000006f0900000, 0x00000006f0900000, 0x00000006f0a00000|  0%| F|  |TAMS 0x00000006f0900000, 0x00000006f0900000| Untracked 
| 236|0x00000006f0a00000, 0x00000006f0a00000, 0x00000006f0b00000|  0%| F|  |TAMS 0x00000006f0a00000, 0x00000006f0a00000| Untracked 
| 237|0x00000006f0b00000, 0x00000006f0b00000, 0x00000006f0c00000|  0%| F|  |TAMS 0x00000006f0b00000, 0x00000006f0b00000| Untracked 
| 238|0x00000006f0c00000, 0x00000006f0c00000, 0x00000006f0d00000|  0%| F|  |TAMS 0x00000006f0c00000, 0x00000006f0c00000| Untracked 
| 239|0x00000006f0d00000, 0x00000006f0d00000, 0x00000006f0e00000|  0%| F|  |TAMS 0x00000006f0d00000, 0x00000006f0d00000| Untracked 
| 240|0x00000006f0e00000, 0x00000006f0e00000, 0x00000006f0f00000|  0%| F|  |TAMS 0x00000006f0e00000, 0x00000006f0e00000| Untracked 
| 241|0x00000006f0f00000, 0x00000006f0f00000, 0x00000006f1000000|  0%| F|  |TAMS 0x00000006f0f00000, 0x00000006f0f00000| Untracked 
| 242|0x00000006f1000000, 0x00000006f1000000, 0x00000006f1100000|  0%| F|  |TAMS 0x00000006f1000000, 0x00000006f1000000| Untracked 
| 243|0x00000006f1100000, 0x00000006f1100000, 0x00000006f1200000|  0%| F|  |TAMS 0x00000006f1100000, 0x00000006f1100000| Untracked 
| 244|0x00000006f1200000, 0x00000006f1200000, 0x00000006f1300000|  0%| F|  |TAMS 0x00000006f1200000, 0x00000006f1200000| Untracked 
| 245|0x00000006f1300000, 0x00000006f1300000, 0x00000006f1400000|  0%| F|  |TAMS 0x00000006f1300000, 0x00000006f1300000| Untracked 
| 246|0x00000006f1400000, 0x00000006f1400000, 0x00000006f1500000|  0%| F|  |TAMS 0x00000006f1400000, 0x00000006f1400000| Untracked 
| 247|0x00000006f1500000, 0x00000006f1500000, 0x00000006f1600000|  0%| F|  |TAMS 0x00000006f1500000, 0x00000006f1500000| Untracked 
| 248|0x00000006f1600000, 0x00000006f1600000, 0x00000006f1700000|  0%| F|  |TAMS 0x00000006f1600000, 0x00000006f1600000| Untracked 
| 249|0x00000006f1700000, 0x00000006f1700000, 0x00000006f1800000|  0%| F|  |TAMS 0x00000006f1700000, 0x00000006f1700000| Untracked 
| 250|0x00000006f1800000, 0x00000006f1800000, 0x00000006f1900000|  0%| F|  |TAMS 0x00000006f1800000, 0x00000006f1800000| Untracked 
| 251|0x00000006f1900000, 0x00000006f1900000, 0x00000006f1a00000|  0%| F|  |TAMS 0x00000006f1900000, 0x00000006f1900000| Untracked 
| 252|0x00000006f1a00000, 0x00000006f1a00000, 0x00000006f1b00000|  0%| F|  |TAMS 0x00000006f1a00000, 0x00000006f1a00000| Untracked 
| 253|0x00000006f1b00000, 0x00000006f1b00000, 0x00000006f1c00000|  0%| F|  |TAMS 0x00000006f1b00000, 0x00000006f1b00000| Untracked 
| 254|0x00000006f1c00000, 0x00000006f1c00000, 0x00000006f1d00000|  0%| F|  |TAMS 0x00000006f1c00000, 0x00000006f1c00000| Untracked 
| 255|0x00000006f1d00000, 0x00000006f1d00000, 0x00000006f1e00000|  0%| F|  |TAMS 0x00000006f1d00000, 0x00000006f1d00000| Untracked 
| 256|0x00000006f1e00000, 0x00000006f1e00000, 0x00000006f1f00000|  0%| F|  |TAMS 0x00000006f1e00000, 0x00000006f1e00000| Untracked 
| 257|0x00000006f1f00000, 0x00000006f1f00000, 0x00000006f2000000|  0%| F|  |TAMS 0x00000006f1f00000, 0x00000006f1f00000| Untracked 
| 258|0x00000006f2000000, 0x00000006f2000000, 0x00000006f2100000|  0%| F|  |TAMS 0x00000006f2000000, 0x00000006f2000000| Untracked 
| 259|0x00000006f2100000, 0x00000006f2100000, 0x00000006f2200000|  0%| F|  |TAMS 0x00000006f2100000, 0x00000006f2100000| Untracked 
| 260|0x00000006f2200000, 0x00000006f2200000, 0x00000006f2300000|  0%| F|  |TAMS 0x00000006f2200000, 0x00000006f2200000| Untracked 
| 261|0x00000006f2300000, 0x00000006f2400000, 0x00000006f2400000|100%| S|CS|TAMS 0x00000006f2300000, 0x00000006f2300000| Complete 
| 262|0x00000006f2400000, 0x00000006f2500000, 0x00000006f2500000|100%| S|CS|TAMS 0x00000006f2400000, 0x00000006f2400000| Complete 
| 263|0x00000006f2500000, 0x00000006f2600000, 0x00000006f2600000|100%| S|CS|TAMS 0x00000006f2500000, 0x00000006f2500000| Complete 
| 264|0x00000006f2600000, 0x00000006f2600000, 0x00000006f2700000|  0%| F|  |TAMS 0x00000006f2600000, 0x00000006f2600000| Untracked 
| 265|0x00000006f2700000, 0x00000006f2700000, 0x00000006f2800000|  0%| F|  |TAMS 0x00000006f2700000, 0x00000006f2700000| Untracked 
| 266|0x00000006f2800000, 0x00000006f2800000, 0x00000006f2900000|  0%| F|  |TAMS 0x00000006f2800000, 0x00000006f2800000| Untracked 
| 267|0x00000006f2900000, 0x00000006f2980800, 0x00000006f2a00000| 50%| E|  |TAMS 0x00000006f2900000, 0x00000006f2900000| Complete 
| 268|0x00000006f2a00000, 0x00000006f2b00000, 0x00000006f2b00000|100%| E|CS|TAMS 0x00000006f2a00000, 0x00000006f2a00000| Complete 
| 269|0x00000006f2b00000, 0x00000006f2c00000, 0x00000006f2c00000|100%| E|CS|TAMS 0x00000006f2b00000, 0x00000006f2b00000| Complete 
| 270|0x00000006f2c00000, 0x00000006f2d00000, 0x00000006f2d00000|100%| E|CS|TAMS 0x00000006f2c00000, 0x00000006f2c00000| Complete 
| 271|0x00000006f2d00000, 0x00000006f2e00000, 0x00000006f2e00000|100%| E|CS|TAMS 0x00000006f2d00000, 0x00000006f2d00000| Complete 
| 272|0x00000006f2e00000, 0x00000006f2f00000, 0x00000006f2f00000|100%| E|CS|TAMS 0x00000006f2e00000, 0x00000006f2e00000| Complete 
| 273|0x00000006f2f00000, 0x00000006f3000000, 0x00000006f3000000|100%| E|CS|TAMS 0x00000006f2f00000, 0x00000006f2f00000| Complete 
| 274|0x00000006f3000000, 0x00000006f3100000, 0x00000006f3100000|100%| E|CS|TAMS 0x00000006f3000000, 0x00000006f3000000| Complete 
| 275|0x00000006f3100000, 0x00000006f3200000, 0x00000006f3200000|100%| E|CS|TAMS 0x00000006f3100000, 0x00000006f3100000| Complete 
| 276|0x00000006f3200000, 0x00000006f3300000, 0x00000006f3300000|100%| E|CS|TAMS 0x00000006f3200000, 0x00000006f3200000| Complete 
| 277|0x00000006f3300000, 0x00000006f3400000, 0x00000006f3400000|100%| E|CS|TAMS 0x00000006f3300000, 0x00000006f3300000| Complete 
| 278|0x00000006f3400000, 0x00000006f3500000, 0x00000006f3500000|100%| E|CS|TAMS 0x00000006f3400000, 0x00000006f3400000| Complete 
| 279|0x00000006f3500000, 0x00000006f3600000, 0x00000006f3600000|100%| E|CS|TAMS 0x00000006f3500000, 0x00000006f3500000| Complete 
| 280|0x00000006f3600000, 0x00000006f3700000, 0x00000006f3700000|100%| E|CS|TAMS 0x00000006f3600000, 0x00000006f3600000| Complete 
| 281|0x00000006f3700000, 0x00000006f3800000, 0x00000006f3800000|100%| E|CS|TAMS 0x00000006f3700000, 0x00000006f3700000| Complete 
| 282|0x00000006f3800000, 0x00000006f3900000, 0x00000006f3900000|100%| E|CS|TAMS 0x00000006f3800000, 0x00000006f3800000| Complete 
| 283|0x00000006f3900000, 0x00000006f3a00000, 0x00000006f3a00000|100%| E|CS|TAMS 0x00000006f3900000, 0x00000006f3900000| Complete 
| 284|0x00000006f3a00000, 0x00000006f3b00000, 0x00000006f3b00000|100%| E|CS|TAMS 0x00000006f3a00000, 0x00000006f3a00000| Complete 
| 285|0x00000006f3b00000, 0x00000006f3c00000, 0x00000006f3c00000|100%| E|CS|TAMS 0x00000006f3b00000, 0x00000006f3b00000| Complete 
| 286|0x00000006f3c00000, 0x00000006f3d00000, 0x00000006f3d00000|100%| E|CS|TAMS 0x00000006f3c00000, 0x00000006f3c00000| Complete 
| 287|0x00000006f3d00000, 0x00000006f3e00000, 0x00000006f3e00000|100%| E|CS|TAMS 0x00000006f3d00000, 0x00000006f3d00000| Complete 

Card table byte_map: [0x000002b1bef20000,0x000002b1bf820000] _byte_map_base: 0x000002b1bb811000

Marking Bits (Prev, Next): (CMBitMap*) 0x000002b1a6bf04b8, (CMBitMap*) 0x000002b1a6bf04f0
 Prev Bits: [0x000002b1c0120000, 0x000002b1c48a8000)
 Next Bits: [0x000002b1c48b0000, 0x000002b1c9038000)

Polling page: 0x000002b1a6350000

Metaspace:

Usage:
  Non-class:     13.39 MB capacity,    13.25 MB ( 99%) used,   118.08 KB ( <1%) free+waste,    19.50 KB ( <1%) overhead. 
      Class:      1.61 MB capacity,     1.52 MB ( 95%) used,    81.39 KB (  5%) free+waste,     8.44 KB ( <1%) overhead. 
       Both:     14.99 MB capacity,    14.77 MB ( 99%) used,   199.47 KB (  1%) free+waste,    27.94 KB ( <1%) overhead. 

Virtual space:
  Non-class space:       14.00 MB reserved,      13.50 MB ( 96%) committed 
      Class space:        1.00 GB reserved,       1.63 MB ( <1%) committed 
             Both:        1.01 GB reserved,      15.13 MB (  1%) committed 

Chunk freelists:
   Non-Class:  53.00 KB
       Class:  17.00 KB
        Both:  70.00 KB

MaxMetaspaceSize: 17179869184.00 GB
CompressedClassSpaceSize: 1.00 GB
Initial GC threshold: 20.80 MB
Current GC threshold: 20.80 MB
CDS: off

CodeHeap 'non-profiled nmethods': size=120000Kb used=657Kb max_used=657Kb free=119342Kb
 bounds [0x000002b1b6dc0000, 0x000002b1b7030000, 0x000002b1be2f0000]
CodeHeap 'profiled nmethods': size=120000Kb used=2946Kb max_used=2946Kb free=117053Kb
 bounds [0x000002b1af890000, 0x000002b1afb80000, 0x000002b1b6dc0000]
CodeHeap 'non-nmethods': size=5760Kb used=1146Kb max_used=1171Kb free=4613Kb
 bounds [0x000002b1af2f0000, 0x000002b1af560000, 0x000002b1af890000]
 total_blobs=1877 nmethods=1475 adapters=315
 compilation: enabled
              stopped_count=0, restarted_count=0
 full_count=0

Compilation events (20 events):
Event: 1.339 Thread 0x000002b1cc53d000 nmethod 1453 0x000002b1afb54310 code [0x000002b1afb54500, 0x000002b1afb54b18]
Event: 1.340 Thread 0x000002b1cc53d000 1454       3       java.lang.String::toCharArray (25 bytes)
Event: 1.341 Thread 0x000002b1cc53d000 nmethod 1454 0x000002b1afb54d10 code [0x000002b1afb54f00, 0x000002b1afb553d8]
Event: 1.341 Thread 0x000002b1cc53d000 1455       3       java.lang.Class::isAnnotation (17 bytes)
Event: 1.342 Thread 0x000002b1cc53d000 nmethod 1455 0x000002b1afb55590 code [0x000002b1afb55740, 0x000002b1afb558c8]
Event: 1.342 Thread 0x000002b1cc53d000 1457       3       java.lang.String::valueOf (14 bytes)
Event: 1.342 Thread 0x000002b1cc53d000 nmethod 1457 0x000002b1afb55990 code [0x000002b1afb55b60, 0x000002b1afb55d68]
Event: 1.342 Thread 0x000002b1cc53d000 1456       3       jdk.internal.loader.AbstractClassLoaderValue::sub (10 bytes)
Event: 1.342 Thread 0x000002b1cc53d000 nmethod 1456 0x000002b1afb55e10 code [0x000002b1afb55fe0, 0x000002b1afb56338]
Event: 1.343 Thread 0x000002b1cc53d000 1458       3       org.eclipse.sisu.space.asm.ClassReader::<init> (257 bytes)
Event: 1.343 Thread 0x000002b1cc53d000 nmethod 1458 0x000002b1afb56490 code [0x000002b1afb566c0, 0x000002b1afb571c8]
Event: 1.344 Thread 0x000002b1cc53d000 1459       3       com.google.inject.internal.Annotations::isBindingAnnotation (8 bytes)
Event: 1.345 Thread 0x000002b1cc53d000 nmethod 1459 0x000002b1afb57590 code [0x000002b1afb57760, 0x000002b1afb57ac8]
Event: 1.345 Thread 0x000002b1cc53d000 1460       3       com.google.inject.internal.Annotations$AnnotationChecker::hasAnnotations (17 bytes)
Event: 1.345 Thread 0x000002b1cc53d000 nmethod 1460 0x000002b1afb57c10 code [0x000002b1afb57de0, 0x000002b1afb580c8]
Event: 1.345 Thread 0x000002b1cc53d000 1461       3       com.google.common.base.Equivalence::equivalent (24 bytes)
Event: 1.345 Thread 0x000002b1cc53d000 nmethod 1461 0x000002b1afb58210 code [0x000002b1afb583e0, 0x000002b1afb58688]
Event: 1.346 Thread 0x000002b1cc53d000 1462       3       jdk.internal.loader.AbstractClassLoaderValue::extractValue (17 bytes)
Event: 1.347 Thread 0x000002b1cc53d000 nmethod 1462 0x000002b1afb58710 code [0x000002b1afb588e0, 0x000002b1afb58c68]
Event: 1.347 Thread 0x000002b1cc53d000 1463       3       org.eclipse.sisu.space.asm.ClassReader::accept (1177 bytes)

GC Heap History (2 events):
Event: 0.904 GC heap before
{Heap before GC invocations=0 (full 0):
 garbage-first heap   total 294912K, used 23552K [0x00000006e1e00000, 0x0000000800000000)
  region size 1024K, 24 young (24576K), 0 survivors (0K)
 Metaspace       used 13395K, capacity 13662K, committed 13824K, reserved 1060864K
  class space    used 1351K, capacity 1450K, committed 1536K, reserved 1048576K
}
Event: 0.910 GC heap after
{Heap after GC invocations=1 (full 0):
 garbage-first heap   total 294912K, used 3721K [0x00000006e1e00000, 0x0000000800000000)
  region size 1024K, 3 young (3072K), 3 survivors (3072K)
 Metaspace       used 13395K, capacity 13662K, committed 13824K, reserved 1060864K
  class space    used 1351K, capacity 1450K, committed 1536K, reserved 1048576K
}

Deoptimization events (20 events):
Event: 1.034 Thread 0x000002b1a6b7f800 DEOPT PACKING pc=0x000002b1b6e13470 sp=0x000000ea0cdfd8c0
Event: 1.034 Thread 0x000002b1a6b7f800 DEOPT UNPACKING pc=0x000002b1af33a1af sp=0x000000ea0cdfd7d8 mode 2
Event: 1.035 Thread 0x000002b1a6b7f800 Uncommon trap: trap_request=0xffffffc6 fr.pc=0x000002b1b6e13470 relative=0x0000000000000410
Event: 1.035 Thread 0x000002b1a6b7f800 Uncommon trap: reason=bimorphic_or_optimized_type_check action=maybe_recompile pc=0x000002b1b6e13470 method=java.util.HashMap.getNode(ILjava/lang/Object;)Ljava/util/HashMap$Node; @ 126 c2
Event: 1.035 Thread 0x000002b1a6b7f800 DEOPT PACKING pc=0x000002b1b6e13470 sp=0x000000ea0cdfd8c0
Event: 1.035 Thread 0x000002b1a6b7f800 DEOPT UNPACKING pc=0x000002b1af33a1af sp=0x000000ea0cdfd7d8 mode 2
Event: 1.057 Thread 0x000002b1a6b7f800 Uncommon trap: trap_request=0xffffff4d fr.pc=0x000002b1b6e133a0 relative=0x0000000000000340
Event: 1.058 Thread 0x000002b1a6b7f800 Uncommon trap: reason=unstable_if action=reinterpret pc=0x000002b1b6e133a0 method=java.util.HashMap.getNode(ILjava/lang/Object;)Ljava/util/HashMap$Node; @ 129 c2
Event: 1.058 Thread 0x000002b1a6b7f800 DEOPT PACKING pc=0x000002b1b6e133a0 sp=0x000000ea0cdfb480
Event: 1.058 Thread 0x000002b1a6b7f800 DEOPT UNPACKING pc=0x000002b1af33a1af sp=0x000000ea0cdfb390 mode 2
Event: 1.058 Thread 0x000002b1a6b7f800 Uncommon trap: trap_request=0xffffff4d fr.pc=0x000002b1b6e11130 relative=0x00000000000002d0
Event: 1.058 Thread 0x000002b1a6b7f800 Uncommon trap: reason=unstable_if action=reinterpret pc=0x000002b1b6e11130 method=java.util.HashMap.getNode(ILjava/lang/Object;)Ljava/util/HashMap$Node; @ 129 c2
Event: 1.058 Thread 0x000002b1a6b7f800 DEOPT PACKING pc=0x000002b1b6e11130 sp=0x000000ea0cdfb3e0
Event: 1.058 Thread 0x000002b1a6b7f800 DEOPT UNPACKING pc=0x000002b1af33a1af sp=0x000000ea0cdfb378 mode 2
Event: 1.207 Thread 0x000002b1a6b7f800 Uncommon trap: trap_request=0xffffff4d fr.pc=0x000002b1b6e4dd58 relative=0x0000000000000498
Event: 1.207 Thread 0x000002b1a6b7f800 Uncommon trap: reason=unstable_if action=reinterpret pc=0x000002b1b6e4dd58 method=java.lang.String.<init>([CIILjava/lang/Void;)V @ 5 c2
Event: 1.207 Thread 0x000002b1a6b7f800 DEOPT PACKING pc=0x000002b1b6e4dd58 sp=0x000000ea0cdfdbf0
Event: 1.207 Thread 0x000002b1a6b7f800 DEOPT UNPACKING pc=0x000002b1af33a1af sp=0x000000ea0cdfda88 mode 2
Event: 1.247 Thread 0x000002b1a6b7f800 DEOPT PACKING pc=0x000002b1afaa332e sp=0x000000ea0cdfdd80
Event: 1.247 Thread 0x000002b1a6b7f800 DEOPT UNPACKING pc=0x000002b1af33a95e sp=0x000000ea0cdfd1f0 mode 0

Classes redefined (0 events):
No events

Internal exceptions (20 events):
Event: 0.293 Thread 0x000002b1a6b7f800 Exception <a 'java/lang/NullPointerException'{0x00000006f39e9738}> (0x00000006f39e9738) thrown at [./src/hotspot/share/interpreter/linkResolver.cpp, line 1358]
Event: 0.294 Thread 0x000002b1a6b7f800 Exception <a 'java/lang/NullPointerException'{0x00000006f39efcd0}> (0x00000006f39efcd0) thrown at [./src/hotspot/share/interpreter/linkResolver.cpp, line 1358]
Event: 0.297 Thread 0x000002b1a6b7f800 Exception <a 'java/lang/NullPointerException'{0x00000006f38089a0}> (0x00000006f38089a0) thrown at [./src/hotspot/share/interpreter/linkResolver.cpp, line 1358]
Event: 0.297 Thread 0x000002b1a6b7f800 Exception <a 'java/lang/NullPointerException'{0x00000006f3808c70}> (0x00000006f3808c70) thrown at [./src/hotspot/share/interpreter/linkResolver.cpp, line 1358]
Event: 0.297 Thread 0x000002b1a6b7f800 Exception <a 'java/lang/NullPointerException'{0x00000006f3808f40}> (0x00000006f3808f40) thrown at [./src/hotspot/share/interpreter/linkResolver.cpp, line 1358]
Event: 0.297 Thread 0x000002b1a6b7f800 Exception <a 'java/lang/NullPointerException'{0x00000006f3809210}> (0x00000006f3809210) thrown at [./src/hotspot/share/interpreter/linkResolver.cpp, line 1358]
Event: 0.305 Thread 0x000002b1a6b7f800 Exception <a 'sun/nio/fs/WindowsException'{0x00000006f383c000}> (0x00000006f383c000) thrown at [./src/hotspot/share/prims/jni.cpp, line 617]
Event: 0.305 Thread 0x000002b1a6b7f800 Exception <a 'sun/nio/fs/WindowsException'{0x00000006f383ca90}> (0x00000006f383ca90) thrown at [./src/hotspot/share/prims/jni.cpp, line 617]
Event: 0.305 Thread 0x000002b1a6b7f800 Exception <a 'sun/nio/fs/WindowsException'{0x00000006f383d318}> (0x00000006f383d318) thrown at [./src/hotspot/share/prims/jni.cpp, line 617]
Event: 0.305 Thread 0x000002b1a6b7f800 Exception <a 'sun/nio/fs/WindowsException'{0x00000006f383daa8}> (0x00000006f383daa8) thrown at [./src/hotspot/share/prims/jni.cpp, line 617]
Event: 0.305 Thread 0x000002b1a6b7f800 Exception <a 'sun/nio/fs/WindowsException'{0x00000006f383e200}> (0x00000006f383e200) thrown at [./src/hotspot/share/prims/jni.cpp, line 617]
Event: 0.305 Thread 0x000002b1a6b7f800 Exception <a 'sun/nio/fs/WindowsException'{0x00000006f383e920}> (0x00000006f383e920) thrown at [./src/hotspot/share/prims/jni.cpp, line 617]
Event: 0.305 Thread 0x000002b1a6b7f800 Exception <a 'sun/nio/fs/WindowsException'{0x00000006f383ef28}> (0x00000006f383ef28) thrown at [./src/hotspot/share/prims/jni.cpp, line 617]
Event: 0.305 Thread 0x000002b1a6b7f800 Exception <a 'sun/nio/fs/WindowsException'{0x00000006f383f4a8}> (0x00000006f383f4a8) thrown at [./src/hotspot/share/prims/jni.cpp, line 617]
Event: 0.305 Thread 0x000002b1a6b7f800 Exception <a 'sun/nio/fs/WindowsException'{0x00000006f383fa08}> (0x00000006f383fa08) thrown at [./src/hotspot/share/prims/jni.cpp, line 617]
Event: 0.305 Thread 0x000002b1a6b7f800 Exception <a 'sun/nio/fs/WindowsException'{0x00000006f383ff18}> (0x00000006f383ff18) thrown at [./src/hotspot/share/prims/jni.cpp, line 617]
Event: 0.306 Thread 0x000002b1a6b7f800 Exception <a 'sun/nio/fs/WindowsException'{0x00000006f38403e0}> (0x00000006f38403e0) thrown at [./src/hotspot/share/prims/jni.cpp, line 617]
Event: 0.416 Thread 0x000002b1a6b7f800 Exception <a 'java/lang/NoSuchMethodError'{0x00000006f3505ae8}: 'java.lang.Object java.lang.invoke.DirectMethodHandle$Holder.invokeSpecialIFC(java.lang.Object, java.lang.Object, java.lang.Object, java.lang.Object)'> (0x00000006f3505ae8) thrown at [./src/hotspot/share/interpreter/linkResolver.cpp, line 773]
Event: 0.816 Thread 0x000002b1a6b7f800 Exception <a 'java/lang/NoSuchMethodError'{0x00000006f2a38198}: 'int java.lang.invoke.DirectMethodHandle$Holder.invokeStaticInit(java.lang.Object, java.lang.Object)'> (0x00000006f2a38198) thrown at [./src/hotspot/share/interpreter/linkResolver.cpp, line 773]
Event: 0.825 Thread 0x000002b1a6b7f800 Exception <a 'java/lang/NoClassDefFoundError'{0x00000006f2a753b8}: javax/enterprise/inject/Typed> (0x00000006f2a753b8) thrown at [./src/hotspot/share/classfile/systemDictionary.cpp, line 219]

Events (20 events):
Event: 1.339 loading class org/eclipse/aether/named/providers/LocalSemaphoreNamedLockFactory
Event: 1.339 loading class org/eclipse/aether/named/providers/LocalSemaphoreNamedLockFactory done
Event: 1.341 loading class org/eclipse/aether/named/providers/NoopNamedLockFactory
Event: 1.341 loading class org/eclipse/aether/named/providers/NoopNamedLockFactory done
Event: 1.343 loading class org/apache/maven/repository/internal/DefaultArtifactDescriptorReader
Event: 1.343 loading class org/apache/maven/repository/internal/DefaultArtifactDescriptorReader done
Event: 1.344 loading class org/eclipse/aether/impl/ArtifactDescriptorReader
Event: 1.344 loading class org/eclipse/aether/impl/ArtifactDescriptorReader done
Event: 1.345 loading class org/apache/maven/repository/internal/DefaultModelCacheFactory
Event: 1.345 loading class org/apache/maven/repository/internal/DefaultModelCacheFactory done
Event: 1.346 loading class org/apache/maven/repository/internal/ModelCacheFactory
Event: 1.346 loading class org/apache/maven/repository/internal/ModelCacheFactory done
Event: 1.347 loading class org/apache/maven/repository/internal/DefaultVersionRangeResolver
Event: 1.348 loading class org/apache/maven/repository/internal/DefaultVersionRangeResolver done
Event: 1.348 loading class org/eclipse/aether/impl/VersionRangeResolver
Event: 1.348 loading class org/eclipse/aether/impl/VersionRangeResolver done
Event: 1.351 loading class org/apache/maven/repository/internal/DefaultVersionResolver
Event: 1.351 loading class org/apache/maven/repository/internal/DefaultVersionResolver done
Event: 1.352 loading class org/eclipse/aether/impl/VersionResolver
Event: 1.352 loading class org/eclipse/aether/impl/VersionResolver done


Dynamic libraries:
0x00007ff739180000 - 0x00007ff73918d000 	C:\Program Files\Microsoft\jdk-11.0.18.10-hotspot\bin\java.exe
0x00007ffcc87b0000 - 0x00007ffcc89a8000 	C:\WINDOWS\SYSTEM32\ntdll.dll
0x00007ffcc85b0000 - 0x00007ffcc866f000 	C:\WINDOWS\System32\KERNEL32.DLL
0x00007ffcc5e90000 - 0x00007ffcc6186000 	C:\WINDOWS\System32\KERNELBASE.dll
0x00007ffcc3420000 - 0x00007ffcc34b1000 	C:\WINDOWS\SYSTEM32\apphelp.dll
0x00007ffcc6200000 - 0x00007ffcc6300000 	C:\WINDOWS\System32\ucrtbase.dll
0x00007ffcb74c0000 - 0x00007ffcb74d5000 	C:\Program Files\Microsoft\jdk-11.0.18.10-hotspot\bin\VCRUNTIME140.dll
0x00007ffcaec80000 - 0x00007ffcaec97000 	C:\Program Files\Microsoft\jdk-11.0.18.10-hotspot\bin\jli.dll
0x00007ffcc8090000 - 0x00007ffcc822d000 	C:\WINDOWS\System32\USER32.dll
0x00007ffcc6300000 - 0x00007ffcc6322000 	C:\WINDOWS\System32\win32u.dll
0x00007ffcb4f60000 - 0x00007ffcb51fa000 	C:\WINDOWS\WinSxS\amd64_microsoft.windows.common-controls_6595b64144ccf1df_6.0.19041.1110_none_60b5254171f9507e\COMCTL32.dll
0x00007ffcc8670000 - 0x00007ffcc869c000 	C:\WINDOWS\System32\GDI32.dll
0x00007ffcc7f60000 - 0x00007ffcc7ffe000 	C:\WINDOWS\System32\msvcrt.dll
0x00007ffcc64b0000 - 0x00007ffcc65c5000 	C:\WINDOWS\System32\gdi32full.dll
0x00007ffcc6330000 - 0x00007ffcc63cd000 	C:\WINDOWS\System32\msvcp_win.dll
0x00007ffcc7020000 - 0x00007ffcc7050000 	C:\WINDOWS\System32\IMM32.DLL
0x00007ffc97e30000 - 0x00007ffc97ecb000 	C:\Program Files\Microsoft\jdk-11.0.18.10-hotspot\bin\msvcp140.dll
0x00007ffc7d980000 - 0x00007ffc7e512000 	C:\Program Files\Microsoft\jdk-11.0.18.10-hotspot\bin\server\jvm.dll
0x00007ffcc70c0000 - 0x00007ffcc716f000 	C:\WINDOWS\System32\ADVAPI32.dll
0x00007ffcc8510000 - 0x00007ffcc85ac000 	C:\WINDOWS\System32\sechost.dll
0x00007ffcc7ae0000 - 0x00007ffcc7c06000 	C:\WINDOWS\System32\RPCRT4.dll
0x00007ffcc8000000 - 0x00007ffcc8008000 	C:\WINDOWS\System32\PSAPI.DLL
0x00007ffcbb2e0000 - 0x00007ffcbb307000 	C:\WINDOWS\SYSTEM32\WINMM.dll
0x00007ffcb2c70000 - 0x00007ffcb2c79000 	C:\WINDOWS\SYSTEM32\WSOCK32.dll
0x00007ffcc74e0000 - 0x00007ffcc754b000 	C:\WINDOWS\System32\WS2_32.dll
0x00007ffcbd4a0000 - 0x00007ffcbd4aa000 	C:\WINDOWS\SYSTEM32\VERSION.dll
0x00007ffcc46e0000 - 0x00007ffcc46f2000 	C:\WINDOWS\SYSTEM32\kernel.appcore.dll
0x00007ffcbe320000 - 0x00007ffcbe330000 	C:\Program Files\Microsoft\jdk-11.0.18.10-hotspot\bin\verify.dll
0x00007ffcc4480000 - 0x00007ffcc4664000 	C:\WINDOWS\SYSTEM32\DBGHELP.DLL
0x00007ffcb3a30000 - 0x00007ffcb3a64000 	C:\WINDOWS\SYSTEM32\dbgcore.DLL
0x00007ffcc63d0000 - 0x00007ffcc6452000 	C:\WINDOWS\System32\bcryptPrimitives.dll
0x00007ffc980e0000 - 0x00007ffc98108000 	C:\Program Files\Microsoft\jdk-11.0.18.10-hotspot\bin\java.dll
0x00007ffcbe140000 - 0x00007ffcbe14a000 	C:\Program Files\Microsoft\jdk-11.0.18.10-hotspot\bin\jimage.dll
0x00007ffc9f2f0000 - 0x00007ffc9f308000 	C:\Program Files\Microsoft\jdk-11.0.18.10-hotspot\bin\zip.dll
0x00007ffcc6870000 - 0x00007ffcc6fb4000 	C:\WINDOWS\System32\SHELL32.dll
0x00007ffcc3ce0000 - 0x00007ffcc4473000 	C:\WINDOWS\SYSTEM32\windows.storage.dll
0x00007ffcc7180000 - 0x00007ffcc74d4000 	C:\WINDOWS\System32\combase.dll
0x00007ffcc5800000 - 0x00007ffcc582e000 	C:\WINDOWS\SYSTEM32\Wldp.dll
0x00007ffcc8230000 - 0x00007ffcc82dd000 	C:\WINDOWS\System32\SHCORE.dll
0x00007ffcc6810000 - 0x00007ffcc6865000 	C:\WINDOWS\System32\shlwapi.dll
0x00007ffcc5dd0000 - 0x00007ffcc5def000 	C:\WINDOWS\SYSTEM32\profapi.dll
0x00007ffc9bfb0000 - 0x00007ffc9bfc9000 	C:\Program Files\Microsoft\jdk-11.0.18.10-hotspot\bin\net.dll
0x00007ffcbf9b0000 - 0x00007ffcbfaba000 	C:\WINDOWS\SYSTEM32\WINHTTP.dll
0x00007ffcc5520000 - 0x00007ffcc558a000 	C:\WINDOWS\system32\mswsock.dll
0x00007ffc9a090000 - 0x00007ffc9a0a3000 	C:\Program Files\Microsoft\jdk-11.0.18.10-hotspot\bin\nio.dll
0x0000000069ac0000 - 0x0000000069ae4000 	C:\1\apache-maven-3.9.4\lib\jansi-native\Windows\x86_64\jansi.dll

dbghelp: loaded successfully - version: 4.0.5 - missing functions: none
symbol engine: initialized successfully - sym options: 0x614 - pdb path: .;C:\Program Files\Microsoft\jdk-11.0.18.10-hotspot\bin;C:\WINDOWS\SYSTEM32;C:\WINDOWS\WinSxS\amd64_microsoft.windows.common-controls_6595b64144ccf1df_6.0.19041.1110_none_60b5254171f9507e;C:\Program Files\Microsoft\jdk-11.0.18.10-hotspot\bin\server;C:\1\apache-maven-3.9.4\lib\jansi-native\Windows\x86_64

VM Arguments:
jvm_args: -Dclassworlds.conf=C:/1/apache-maven-3.9.4/bin/m2.conf -Dmaven.home=C:/1/apache-maven-3.9.4 -Dlibrary.jansi.path=C:/1/apache-maven-3.9.4/lib/jansi-native -Dmaven.multiModuleProjectDirectory=C:/Users/el_va/OneDrive/Documentos/Técnologo Sistema para Internet - IFMT/Periodo/5 Periodo/Programaçao Orientada a Serviços/Atividade Gerenciador de Estoque/controle-estoque 
java_command: org.codehaus.plexus.classworlds.launcher.Launcher clean -f c:\Users\el_va\OneDrive\Documentos\Técnologo Sistema para Internet - IFMT\Periodo\5 Periodo\Programaçao Orientada a Serviços\Atividade Gerenciador de Estoque\controle-estoque\pom.xml
java_class_path (initial): C:/1/apache-maven-3.9.4/boot/plexus-classworlds-2.7.0.jar
Launcher Type: SUN_STANDARD

[Global flags]
     intx CICompilerCount                          = 4                                         {product} {ergonomic}
     uint ConcGCThreads                            = 2                                         {product} {ergonomic}
     uint G1ConcRefinementThreads                  = 8                                         {product} {ergonomic}
   size_t G1HeapRegionSize                         = 1048576                                   {product} {ergonomic}
    uintx GCDrainStackTargetSize                   = 64                                        {product} {ergonomic}
   size_t InitialHeapSize                          = 301989888                                 {product} {ergonomic}
   size_t MarkStackSize                            = 4194304                                   {product} {ergonomic}
   size_t MaxHeapSize                              = 4800380928                                {product} {ergonomic}
   size_t MaxNewSize                               = 2879389696                                {product} {ergonomic}
   size_t MinHeapDeltaBytes                        = 1048576                                   {product} {ergonomic}
    uintx NonNMethodCodeHeapSize                   = 5836300                                {pd product} {ergonomic}
    uintx NonProfiledCodeHeapSize                  = 122910970                              {pd product} {ergonomic}
    uintx ProfiledCodeHeapSize                     = 122910970                              {pd product} {ergonomic}
    uintx ReservedCodeCacheSize                    = 251658240                              {pd product} {ergonomic}
     bool SegmentedCodeCache                       = true                                      {product} {ergonomic}
     bool UseCompressedClassPointers               = true                                 {lp64_product} {ergonomic}
     bool UseCompressedOops                        = true                                 {lp64_product} {ergonomic}
     bool UseG1GC                                  = true                                      {product} {ergonomic}
     bool UseLargePagesIndividualAllocation        = false                                  {pd product} {ergonomic}

Logging:
Log output configuration:
 #0: stdout all=warning uptime,level,tags
 #1: stderr all=off uptime,level,tags

Environment Variables:
JAVA_HOME=C:/Program Files/Microsoft/jdk-11.0.18.10-hotspot
PATH=C:\Users\el_va\bin;C:\Program Files\Git\mingw64\bin;C:\Program Files\Git\usr\local\bin;C:\Program Files\Git\usr\bin;C:\Program Files\Git\usr\bin;C:\Program Files\Git\mingw64\bin;C:\Program Files\Git\usr\bin;C:\Users\el_va\bin;C:\Program Files\Microsoft\jdk-11.0.18.10-hotspot\bin;C:\Program Files\Eclipse Adoptium\jdk-17.0.6.10-hotspot\bin;C:\Program Files\Common Files\Oracle\Java\javapath;C:\Program Files (x86)\Common Files\Oracle\Java\javapath;C:\WINDOWS\system32;C:\WINDOWS;C:\WINDOWS\System32\Wbem;C:\WINDOWS\System32\WindowsPowerShell\v1.0;C:\WINDOWS\System32\OpenSSH;C:\Program Files\dotnet;C:\Program Files\Common Files\Autodesk Shared;C:\ProgramData\UNIVALI\Portugol Studio;C:\Program Files\Git\cmd;C:\xampp\php;C:\ProgramData\chocolatey\bin;C:\youtube-dl;C:\Program Files\Calibre2;C:\dart-sdk\bin;C:\Program Files\Docker\Docker\resources\bin;C:\Program Files\nodejs;C:\1\apache-maven-3.9.4\bin;C:\Program Files\MySQL\MySQL Shell 8.0\bin;C:\Users\el_va\AppData\Local\Programs\Python\Python310\Scripts;C:\Users\el_va\AppData\Local\Programs\Python\Python310;C:\Users\el_va\AppData\Local\Programs\Microsoft VS Code\bin;C:\Users\el_va\.dotnet\tools;C:\xampp\php;C:\youtube-dl;C:\Exercism;C:\Program Files\JetBrains\PyCharm Community Edition 2023.1.1\bin;C:\Users\el_va\AppData\Roaming\npm;C:\Users\el_va\AppData\Local\Android\Sdk\platform-tools;C:\1\apache-maven-3.9.4\bin;C:\Program Files\Git\usr\bin\vendor_perl;C:\Program Files\Git\usr\bin\core_perl
USERNAME=el_va
SHELL=C:\Program Files\Git\usr\bin\bash.exe
DISPLAY=needs-to-be-defined
LANG=en_US.UTF-8
TERM=xterm-256color
TMPDIR=C:\Users\el_va\AppData\Local\Temp
OS=Windows_NT
PROCESSOR_IDENTIFIER=AMD64 Family 23 Model 24 Stepping 1, AuthenticAMD
TMP=C:\Users\el_va\AppData\Local\Temp
TEMP=C:\Users\el_va\AppData\Local\Temp



---------------  S Y S T E M  ---------------

OS: Windows 10 , 64 bit Build 19041 (10.0.19041.3031)
OS uptime: 8 days 6:10 hours
Hyper-V role detected

CPU:total 8 (initial active 8) (8 cores per cpu, 2 threads per core) family 23 model 24 stepping 1 microcode 0x0, cmov, cx8, fxsr, mmx, sse, sse2, sse3, ssse3, sse4.1, sse4.2, popcnt, avx, avx2, aes, clmul, mmxext, 3dnowpref, lzcnt, sse4a, ht, tsc, tscinvbit, tscinv, bmi1, bmi2, adx, sha, fma

Memory: 4k page, system-wide physical 18308M (7174M free)
TotalPageFile size 19348M (AvailPageFile size 4M)
current process WorkingSet (physical memory assigned to process): 105M, peak: 105M
current process commit charge ("private bytes"): 408M, peak: 408M

vm_info: OpenJDK 64-Bit Server VM (11.0.18+10-LTS) for windows-amd64 JRE (11.0.18+10-LTS), built on Jan 18 2023 15:56:47 by "MicrosoftCorporation" with MS VC++ 15.9 (VS2017)

END.
